/home/inventree/env/lib/python3.10/site-packages/allauth/exceptions.py:9: UserWarning: allauth.exceptions is deprecated, use allauth.core.exceptions
  warnings.warn("allauth.exceptions is deprecated, use allauth.core.exceptions")
Watching for file changes with StatReloader
Watching for file changes with StatReloader
[14/Aug/2024 04:44:08] "GET /part/ HTTP/1.1" 200 27271
[14/Aug/2024 04:44:09] "GET /static/bootstrap/css/bootstrap.min.css HTTP/1.1" 304 0
[14/Aug/2024 04:44:09] "GET /static/bootstrap-table/extensions/group-by-v2/bootstrap-table-group-by.min.css HTTP/1.1" 304 0
[14/Aug/2024 04:44:09] "GET /static/bootstrap-table/bootstrap-table.min.css HTTP/1.1" 304 0
[14/Aug/2024 04:44:09] "GET /static/bootstrap-table/extensions/filter-control/bootstrap-table-filter-control.css HTTP/1.1" 304 0
[14/Aug/2024 04:44:09] "GET /static/treegrid/css/jquery.treegrid.css HTTP/1.1" 304 0
[14/Aug/2024 04:44:09] "GET /static/fontawesome/css/brands.min.css HTTP/1.1" 304 0
[14/Aug/2024 04:44:09] "GET /static/fontawesome/css/solid.min.css HTTP/1.1" 304 0
[14/Aug/2024 04:44:09] "GET /static/select2/css/select2.min.css HTTP/1.1" 304 0
[14/Aug/2024 04:44:09] "GET /static/select2/css/select2-bootstrap-5-theme.css HTTP/1.1" 304 0
[14/Aug/2024 04:44:09] "GET /static/fullcalendar/main.min.css HTTP/1.1" 304 0
[14/Aug/2024 04:44:09] "GET /static/script/jquery-ui/jquery-ui.min.css HTTP/1.1" 304 0
[14/Aug/2024 04:44:09] "GET /static/easymde/easymde.min.css HTTP/1.1" 304 0
[14/Aug/2024 04:44:09] "GET /static/css/inventree.css HTTP/1.1" 304 0
[14/Aug/2024 04:44:09] "GET /static/css/color-themes/default.css HTTP/1.1" 304 0
[14/Aug/2024 04:44:09] "GET /static/script/jquery_3.3.1_jquery.min.js HTTP/1.1" 304 0
[14/Aug/2024 04:44:09] "GET /static/script/jquery.form.min.js HTTP/1.1" 304 0
[14/Aug/2024 04:44:09] "GET /static/script/jquery-ui/jquery-ui.min.js HTTP/1.1" 304 0
[14/Aug/2024 04:44:10] "GET /static/bootstrap/js/bootstrap.bundle.min.js HTTP/1.1" 304 0
[14/Aug/2024 04:44:10] "GET /static/script/bootstrap/bootstrap-treeview.js HTTP/1.1" 304 0
[14/Aug/2024 04:44:10] "GET /static/img/inventree.png HTTP/1.1" 304 0
[14/Aug/2024 04:44:10] "GET /static/fontawesome/webfonts/fa-solid-900.woff2 HTTP/1.1" 304 0
[14/Aug/2024 04:44:10] "GET /static/treegrid/js/jquery.treegrid.js HTTP/1.1" 304 0
[14/Aug/2024 04:44:10] "GET /static/treegrid/js/jquery.treegrid.bootstrap3.js HTTP/1.1" 304 0
[14/Aug/2024 04:44:10] "GET /static/bootstrap-table/bootstrap-table.min.js HTTP/1.1" 304 0
[14/Aug/2024 04:44:10] "GET /static/bootstrap-table/extensions/filter-control/bootstrap-table-filter-control.min.js HTTP/1.1" 304 0
[14/Aug/2024 04:44:10] "GET /static/bootstrap-table/extensions/group-by-v2/bootstrap-table-group-by.min.js HTTP/1.1" 304 0
[14/Aug/2024 04:44:10] "GET /static/bootstrap-table/extensions/treegrid/bootstrap-table-treegrid.min.js HTTP/1.1" 304 0
[14/Aug/2024 04:44:10] "GET /static/bootstrap-table/extensions/custom-view/bootstrap-table-custom-view.min.js HTTP/1.1" 304 0
[14/Aug/2024 04:44:10] "GET /static/fontawesome/js/solid.min.js HTTP/1.1" 304 0
[14/Aug/2024 04:44:10] "GET /static/fontawesome/js/regular.min.js HTTP/1.1" 304 0
[14/Aug/2024 04:44:10] "GET /static/fontawesome/js/fontawesome.min.js HTTP/1.1" 304 0
[14/Aug/2024 04:44:10] "GET /static/fontawesome/js/brands.min.js HTTP/1.1" 304 0
[14/Aug/2024 04:44:10] "GET /static/fullcalendar/main.min.js HTTP/1.1" 304 0
[14/Aug/2024 04:44:10] "GET /static/fullcalendar/locales-all.min.js HTTP/1.1" 304 0
[14/Aug/2024 04:44:10] "GET /static/select2/js/select2.full.min.js HTTP/1.1" 304 0
[14/Aug/2024 04:44:10] "GET /static/script/moment.js HTTP/1.1" 304 0
[14/Aug/2024 04:44:10] "GET /static/script/chart.js HTTP/1.1" 304 0
[14/Aug/2024 04:44:10] "GET /static/script/chartjs-adapter-moment.js HTTP/1.1" 304 0
[14/Aug/2024 04:44:10] "GET /static/script/clipboard.min.js HTTP/1.1" 304 0
[14/Aug/2024 04:44:10] "GET /static/easymde/easymde.min.js HTTP/1.1" 304 0
[14/Aug/2024 04:44:10] "GET /static/script/randomColor.min.js HTTP/1.1" 304 0
[14/Aug/2024 04:44:10] "GET /static/script/html5-qrcode.min.js HTTP/1.1" 304 0
[14/Aug/2024 04:44:10] "GET /static/script/inventree/inventree.js HTTP/1.1" 304 0
[14/Aug/2024 04:44:10] "GET /static/script/qrcode.min.js HTTP/1.1" 304 0
[14/Aug/2024 04:44:10] "GET /static/script/inventree/message.js HTTP/1.1" 304 0
[14/Aug/2024 04:44:11] "GET /js/dynamic/calendar.js HTTP/1.1" 200 1341
[14/Aug/2024 04:44:11] "GET /js/dynamic/nav.js HTTP/1.1" 200 8934
[14/Aug/2024 04:44:11] "GET /js/dynamic/permissions.js HTTP/1.1" 200 1202
[14/Aug/2024 04:44:11] "GET /js/i18n/attachment.js HTTP/1.1" 200 10543
[14/Aug/2024 04:44:11] "GET /js/i18n/api.js HTTP/1.1" 200 7474
[14/Aug/2024 04:44:11] "GET /js/dynamic/settings.js HTTP/1.1" 200 11287
[14/Aug/2024 04:44:11] "GET /js/i18n/barcode.js HTTP/1.1" 200 25285
[14/Aug/2024 04:44:11] "GET /js/i18n/bom.js HTTP/1.1" 200 48299
[14/Aug/2024 04:44:11] "GET /js/i18n/build.js HTTP/1.1" 200 85131
[14/Aug/2024 04:44:11] "GET /js/i18n/charts.js HTTP/1.1" 200 1362
[14/Aug/2024 04:44:11] "GET /js/i18n/forms.js HTTP/1.1" 200 88268
[14/Aug/2024 04:44:11] "GET /js/i18n/filters.js HTTP/1.1" 200 19076
[14/Aug/2024 04:44:11] "GET /js/i18n/company.js HTTP/1.1" 200 49860
[14/Aug/2024 04:44:11] "GET /js/i18n/helpers.js HTTP/1.1" 200 13979
[14/Aug/2024 04:44:11] "GET /js/i18n/index.js HTTP/1.1" 200 3517
[14/Aug/2024 04:44:11] "GET /js/i18n/label.js HTTP/1.1" 200 6122
[14/Aug/2024 04:44:11] "GET /js/i18n/modals.js HTTP/1.1" 200 35708
[14/Aug/2024 04:44:11] "GET /js/i18n/model_renderers.js HTTP/1.1" 200 13696
[14/Aug/2024 04:44:11] "GET /js/i18n/part.js HTTP/1.1" 200 98572
[14/Aug/2024 04:44:11] "GET /js/i18n/order.js HTTP/1.1" 200 10032
[14/Aug/2024 04:44:12] "GET /js/i18n/purchase_order.js HTTP/1.1" 200 69557
[14/Aug/2024 04:44:12] "GET /js/i18n/return_order.js HTTP/1.1" 200 22378
[14/Aug/2024 04:44:12] "GET /js/i18n/report.js HTTP/1.1" 200 3743
[14/Aug/2024 04:44:12] "GET /js/i18n/sales_order.js HTTP/1.1" 200 68224
[14/Aug/2024 04:44:12] "GET /js/i18n/search.js HTTP/1.1" 200 10903
[14/Aug/2024 04:44:12] "GET /js/i18n/status_codes.js HTTP/1.1" 200 10398
[14/Aug/2024 04:44:12] "GET /js/i18n/stock.js HTTP/1.1" 200 96767
[14/Aug/2024 04:44:12] "GET /js/i18n/plugin.js HTTP/1.1" 200 8125
[14/Aug/2024 04:44:12] "GET /js/i18n/pricing.js HTTP/1.1" 200 31616
[14/Aug/2024 04:44:12] "GET /js/i18n/tables.js HTTP/1.1" 200 17163
[14/Aug/2024 04:44:12] "GET /js/i18n/news.js HTTP/1.1" 200 2115
[14/Aug/2024 04:44:12] "GET /js/i18n/table_filters.js HTTP/1.1" 200 22482
[14/Aug/2024 04:44:12] "GET /js/i18n/notification.js HTTP/1.1" 200 9030
[14/Aug/2024 04:44:12] "GET /api/part/category/tree/ HTTP/1.1" 200 21555
[14/Aug/2024 04:44:12] "GET /api/user/roles/ HTTP/1.1" 200 527
[14/Aug/2024 04:44:13] "GET /api/notifications/?read=false HTTP/1.1" 200 2
[14/Aug/2024 04:44:13] "GET /api/part/?search=&offset=0&limit=25&category=null&category_detail=true HTTP/1.1" 200 42215
[14/Aug/2024 04:44:13] "GET /static/img/favicon/favicon-32x32.png HTTP/1.1" 304 0
[14/Aug/2024 04:44:14] "GET /static/img/blank_image.thumbnail.png HTTP/1.1" 304 0
[14/Aug/2024 04:48:23] "GET /api/notifications/?read=false HTTP/1.1" 200 2
[14/Aug/2024 04:49:03] "GET /api/notifications/?read=false HTTP/1.1" 200 2
[14/Aug/2024 04:49:03] "GET /part/10336/ HTTP/1.1" 200 73901
[14/Aug/2024 04:49:03] "GET /static/bootstrap-table/bootstrap-table.min.css HTTP/1.1" 304 0
[14/Aug/2024 04:49:03] "GET /static/bootstrap/css/bootstrap.min.css HTTP/1.1" 304 0
[14/Aug/2024 04:49:03] "GET /static/bootstrap-table/extensions/filter-control/bootstrap-table-filter-control.css HTTP/1.1" 304 0
[14/Aug/2024 04:49:03] "GET /static/bootstrap-table/extensions/group-by-v2/bootstrap-table-group-by.min.css HTTP/1.1" 304 0
[14/Aug/2024 04:49:03] "GET /static/treegrid/css/jquery.treegrid.css HTTP/1.1" 304 0
[14/Aug/2024 04:49:03] "GET /static/fontawesome/css/brands.min.css HTTP/1.1" 304 0
[14/Aug/2024 04:49:04] "GET /static/fontawesome/css/solid.min.css HTTP/1.1" 304 0
[14/Aug/2024 04:49:04] "GET /static/select2/css/select2.min.css HTTP/1.1" 304 0
[14/Aug/2024 04:49:04] "GET /static/fullcalendar/main.min.css HTTP/1.1" 304 0
[14/Aug/2024 04:49:04] "GET /static/select2/css/select2-bootstrap-5-theme.css HTTP/1.1" 304 0
[14/Aug/2024 04:49:04] "GET /static/script/jquery-ui/jquery-ui.min.css HTTP/1.1" 304 0
[14/Aug/2024 04:49:04] "GET /static/easymde/easymde.min.css HTTP/1.1" 304 0
[14/Aug/2024 04:49:04] "GET /static/css/color-themes/default.css HTTP/1.1" 304 0
[14/Aug/2024 04:49:04] "GET /static/css/inventree.css HTTP/1.1" 304 0
[14/Aug/2024 04:49:04] "GET /static/script/jquery_3.3.1_jquery.min.js HTTP/1.1" 304 0
[14/Aug/2024 04:49:04] "GET /static/img/inventree.png HTTP/1.1" 304 0
[14/Aug/2024 04:49:04] "GET /static/img/blank_image.png HTTP/1.1" 304 0
[14/Aug/2024 04:49:04] "GET /static/fontawesome/webfonts/fa-solid-900.woff2 HTTP/1.1" 304 0
[14/Aug/2024 04:49:04] "GET /static/script/jquery-ui/jquery-ui.min.js HTTP/1.1" 304 0
[14/Aug/2024 04:49:04] "GET /static/bootstrap/js/bootstrap.bundle.min.js HTTP/1.1" 304 0
[14/Aug/2024 04:49:04] "GET /static/script/jquery.form.min.js HTTP/1.1" 304 0
[14/Aug/2024 04:49:04] "GET /static/script/bootstrap/bootstrap-treeview.js HTTP/1.1" 304 0
[14/Aug/2024 04:49:04] "GET /static/treegrid/js/jquery.treegrid.js HTTP/1.1" 304 0
[14/Aug/2024 04:49:04] "GET /static/treegrid/js/jquery.treegrid.bootstrap3.js HTTP/1.1" 304 0
[14/Aug/2024 04:49:04] "GET /static/bootstrap-table/bootstrap-table.min.js HTTP/1.1" 304 0
[14/Aug/2024 04:49:04] "GET /static/bootstrap-table/extensions/filter-control/bootstrap-table-filter-control.min.js HTTP/1.1" 304 0
[14/Aug/2024 04:49:04] "GET /static/bootstrap-table/extensions/group-by-v2/bootstrap-table-group-by.min.js HTTP/1.1" 304 0
[14/Aug/2024 04:49:04] "GET /static/bootstrap-table/extensions/treegrid/bootstrap-table-treegrid.min.js HTTP/1.1" 304 0
[14/Aug/2024 04:49:04] "GET /static/bootstrap-table/extensions/custom-view/bootstrap-table-custom-view.min.js HTTP/1.1" 304 0
[14/Aug/2024 04:49:04] "GET /static/fontawesome/js/solid.min.js HTTP/1.1" 304 0
[14/Aug/2024 04:49:04] "GET /static/fontawesome/js/regular.min.js HTTP/1.1" 304 0
[14/Aug/2024 04:49:04] "GET /static/fontawesome/js/fontawesome.min.js HTTP/1.1" 304 0
[14/Aug/2024 04:49:04] "GET /static/fullcalendar/main.min.js HTTP/1.1" 304 0
[14/Aug/2024 04:49:04] "GET /static/fontawesome/js/brands.min.js HTTP/1.1" 304 0
[14/Aug/2024 04:49:04] "GET /static/fullcalendar/locales-all.min.js HTTP/1.1" 304 0
[14/Aug/2024 04:49:05] "GET /static/select2/js/select2.full.min.js HTTP/1.1" 304 0
[14/Aug/2024 04:49:05] "GET /static/script/chartjs-adapter-moment.js HTTP/1.1" 304 0
[14/Aug/2024 04:49:05] "GET /static/script/chart.js HTTP/1.1" 304 0
[14/Aug/2024 04:49:05] "GET /static/script/moment.js HTTP/1.1" 304 0
[14/Aug/2024 04:49:05] "GET /static/script/clipboard.min.js HTTP/1.1" 304 0
[14/Aug/2024 04:49:05] "GET /static/easymde/easymde.min.js HTTP/1.1" 304 0
[14/Aug/2024 04:49:05] "GET /static/script/randomColor.min.js HTTP/1.1" 304 0
[14/Aug/2024 04:49:05] "GET /static/script/qrcode.min.js HTTP/1.1" 304 0
[14/Aug/2024 04:49:05] "GET /static/script/html5-qrcode.min.js HTTP/1.1" 304 0
[14/Aug/2024 04:49:05] "GET /static/script/inventree/message.js HTTP/1.1" 304 0
[14/Aug/2024 04:49:05] "GET /static/script/inventree/inventree.js HTTP/1.1" 304 0
[14/Aug/2024 04:49:05] "GET /js/dynamic/calendar.js HTTP/1.1" 200 1341
[14/Aug/2024 04:49:05] "GET /js/dynamic/nav.js HTTP/1.1" 200 8934
[14/Aug/2024 04:49:05] "GET /js/dynamic/permissions.js HTTP/1.1" 200 1202
[14/Aug/2024 04:49:05] "GET /js/i18n/api.js HTTP/1.1" 200 7474
[14/Aug/2024 04:49:05] "GET /js/i18n/attachment.js HTTP/1.1" 200 10543
[14/Aug/2024 04:49:05] "GET /js/dynamic/settings.js HTTP/1.1" 200 11287
[14/Aug/2024 04:49:05] "GET /js/i18n/barcode.js HTTP/1.1" 200 25285
[14/Aug/2024 04:49:05] "GET /js/i18n/bom.js HTTP/1.1" 200 48299
[14/Aug/2024 04:49:05] "GET /js/i18n/build.js HTTP/1.1" 200 85131
[14/Aug/2024 04:49:05] "GET /js/i18n/charts.js HTTP/1.1" 200 1362
[14/Aug/2024 04:49:05] "GET /js/i18n/filters.js HTTP/1.1" 200 19076
[14/Aug/2024 04:49:05] "GET /js/i18n/forms.js HTTP/1.1" 200 88268
[14/Aug/2024 04:49:05] "GET /js/i18n/company.js HTTP/1.1" 200 49860
[14/Aug/2024 04:49:05] "GET /js/i18n/index.js HTTP/1.1" 200 3517
[14/Aug/2024 04:49:06] "GET /js/i18n/helpers.js HTTP/1.1" 200 13979
[14/Aug/2024 04:49:06] "GET /js/i18n/label.js HTTP/1.1" 200 6122
[14/Aug/2024 04:49:06] "GET /js/i18n/modals.js HTTP/1.1" 200 35708
[14/Aug/2024 04:49:06] "GET /js/i18n/model_renderers.js HTTP/1.1" 200 13696
[14/Aug/2024 04:49:06] "GET /js/i18n/order.js HTTP/1.1" 200 10032
[14/Aug/2024 04:49:06] "GET /js/i18n/part.js HTTP/1.1" 200 98572
[14/Aug/2024 04:49:06] "GET /js/i18n/return_order.js HTTP/1.1" 200 22378
[14/Aug/2024 04:49:06] "GET /js/i18n/search.js HTTP/1.1" 200 10903
[14/Aug/2024 04:49:06] "GET /js/i18n/purchase_order.js HTTP/1.1" 200 69557
[14/Aug/2024 04:49:06] "GET /js/i18n/report.js HTTP/1.1" 200 3743
[14/Aug/2024 04:49:06] "GET /js/i18n/sales_order.js HTTP/1.1" 200 68224
[14/Aug/2024 04:49:06] "GET /js/i18n/status_codes.js HTTP/1.1" 200 10398
[14/Aug/2024 04:49:06] "GET /js/i18n/stock.js HTTP/1.1" 200 96767
[14/Aug/2024 04:49:06] "GET /js/i18n/plugin.js HTTP/1.1" 200 8125
[14/Aug/2024 04:49:06] "GET /js/i18n/pricing.js HTTP/1.1" 200 31616
[14/Aug/2024 04:49:06] "GET /js/i18n/news.js HTTP/1.1" 200 2115
[14/Aug/2024 04:49:06] "GET /js/i18n/tables.js HTTP/1.1" 200 17163
[14/Aug/2024 04:49:06] "GET /js/i18n/table_filters.js HTTP/1.1" 200 22482
[14/Aug/2024 04:49:06] "GET /js/i18n/notification.js HTTP/1.1" 200 9030
[14/Aug/2024 04:49:06] "GET /api/user/roles/ HTTP/1.1" 200 527
[14/Aug/2024 04:49:07] "GET /api/currency/exchange/ HTTP/1.1" 200 58
[14/Aug/2024 04:49:07] "GET /api/notifications/?read=false HTTP/1.1" 200 2
[14/Aug/2024 04:49:07] "GET /api/part/category/tree/ HTTP/1.1" 200 21555
[14/Aug/2024 04:49:07] "GET /api/stock/?search=&offset=0&limit=25&cascade=1&in_stock=1&part=10336&location_detail=true&part_detail=true&supplier_part_detail=true HTTP/1.1" 200 1252
[14/Aug/2024 04:49:07] "GET /static/img/blank_image.thumbnail.png HTTP/1.1" 304 0
[14/Aug/2024 04:49:08] "GET /api/label/part/?enabled=true&part%5B%5D=10336 HTTP/1.1" 200 382
[14/Aug/2024 04:49:08] "GET /api/plugins/?mixin=labels HTTP/1.1" 200 2029
[14/Aug/2024 04:49:08] "OPTIONS /api/label/part/1/print/?plugin=inventreelabel&part%5B%5D=10336 HTTP/1.1" 200 271
[14/Aug/2024 04:49:10] "GET /static/img/Vicharak_logo.png HTTP/1.1" 200 24805
[14/Aug/2024 04:49:10] "GET /static/img/Vicharak_logo.png HTTP/1.1" 200 24805
[14/Aug/2024 04:49:11] "POST /api/label/part/1/print/?plugin=inventreelabel&part%5B%5D=10336 HTTP/1.1" 200 100
[14/Aug/2024 04:49:11] "GET /media/label/output/labels_bcYgThX.pdf HTTP/1.1" 200 41764
[14/Aug/2024 04:50:58] "GET /api/notifications/?read=false HTTP/1.1" 200 2
Python version 3.10.12 - /home/inventree/env/bin/python
/home/inventree/env/lib/python3.10/site-packages/allauth/exceptions.py:9: UserWarning: allauth.exceptions is deprecated, use allauth.core.exceptions
  warnings.warn("allauth.exceptions is deprecated, use allauth.core.exceptions")
Watching for file changes with StatReloader
Watching for file changes with StatReloader
[14/Aug/2024 04:55:47] "GET /api/notifications/?read=false HTTP/1.1" 200 2
[14/Aug/2024 04:56:12] "GET /api/notifications/?read=false HTTP/1.1" 200 2
[14/Aug/2024 04:56:37] "GET /api/notifications/?read=false HTTP/1.1" 200 2
[14/Aug/2024 04:57:02] "GET /api/notifications/?read=false HTTP/1.1" 200 2
[14/Aug/2024 04:57:27] "GET /api/notifications/?read=false HTTP/1.1" 200 2
[14/Aug/2024 04:57:52] "GET /api/notifications/?read=false HTTP/1.1" 200 2
[14/Aug/2024 04:58:17] "GET /api/notifications/?read=false HTTP/1.1" 200 2
[14/Aug/2024 04:58:42] "GET /api/notifications/?read=false HTTP/1.1" 200 2
[14/Aug/2024 04:59:07] "GET /api/notifications/?read=false HTTP/1.1" 200 2
[14/Aug/2024 04:59:32] "GET /api/notifications/?read=false HTTP/1.1" 200 2
[14/Aug/2024 04:59:57] "GET /api/notifications/?read=false HTTP/1.1" 200 2
[14/Aug/2024 05:00:22] "GET /api/notifications/?read=false HTTP/1.1" 200 2
[14/Aug/2024 05:00:47] "GET /api/notifications/?read=false HTTP/1.1" 200 2
[14/Aug/2024 05:07:22] "GET /api/notifications/?read=false HTTP/1.1" 200 2
[14/Aug/2024 05:07:47] "GET /api/notifications/?read=false HTTP/1.1" 200 2
[14/Aug/2024 05:07:55] "GET /api/part/?search=&offset=1750&limit=25&category=null&category_detail=true HTTP/1.1" 200 35134
Not Found: /media/part_images/images__1.thumbnail.png
Not Found: /media/part_images/images__1.thumbnail.png
[14/Aug/2024 05:07:55] "GET /media/part_images/images__1.thumbnail.png HTTP/1.1" 404 6844
Not Found: /media/part_images/d19ca410-8de9-45f1-a589-c097ae8b6f5e.png_366xaf.thumbnail.png
Not Found: /media/part_images/d19ca410-8de9-45f1-a589-c097ae8b6f5e.png_366xaf.thumbnail.png
[14/Aug/2024 05:07:55] "GET /media/part_images/d19ca410-8de9-45f1-a589-c097ae8b6f5e.png_366xaf.thumbnail.png HTTP/1.1" 404 6996
[14/Aug/2024 05:07:59] "GET /part/12123/ HTTP/1.1" 200 70921
[14/Aug/2024 05:07:59] "GET /static/bootstrap/css/bootstrap.min.css HTTP/1.1" 304 0
[14/Aug/2024 05:07:59] "GET /static/bootstrap-table/bootstrap-table.min.css HTTP/1.1" 304 0
[14/Aug/2024 05:07:59] "GET /static/bootstrap-table/extensions/filter-control/bootstrap-table-filter-control.css HTTP/1.1" 304 0
[14/Aug/2024 05:07:59] "GET /static/bootstrap-table/extensions/group-by-v2/bootstrap-table-group-by.min.css HTTP/1.1" 304 0
[14/Aug/2024 05:07:59] "GET /static/treegrid/css/jquery.treegrid.css HTTP/1.1" 304 0
[14/Aug/2024 05:07:59] "GET /static/fontawesome/css/brands.min.css HTTP/1.1" 304 0
[14/Aug/2024 05:07:59] "GET /static/fontawesome/css/solid.min.css HTTP/1.1" 304 0
[14/Aug/2024 05:07:59] "GET /static/select2/css/select2.min.css HTTP/1.1" 304 0
[14/Aug/2024 05:07:59] "GET /static/select2/css/select2-bootstrap-5-theme.css HTTP/1.1" 304 0
[14/Aug/2024 05:07:59] "GET /static/fullcalendar/main.min.css HTTP/1.1" 304 0
[14/Aug/2024 05:08:00] "GET /static/script/jquery-ui/jquery-ui.min.css HTTP/1.1" 304 0
[14/Aug/2024 05:08:00] "GET /static/easymde/easymde.min.css HTTP/1.1" 304 0
[14/Aug/2024 05:08:00] "GET /static/css/inventree.css HTTP/1.1" 304 0
[14/Aug/2024 05:08:00] "GET /static/css/color-themes/default.css HTTP/1.1" 304 0
[14/Aug/2024 05:08:00] "GET /static/img/inventree.png HTTP/1.1" 304 0
[14/Aug/2024 05:08:00] "GET /static/img/blank_image.png HTTP/1.1" 304 0
[14/Aug/2024 05:08:00] "GET /static/script/jquery_3.3.1_jquery.min.js HTTP/1.1" 304 0
[14/Aug/2024 05:08:00] "GET /static/script/jquery-ui/jquery-ui.min.js HTTP/1.1" 304 0
[14/Aug/2024 05:08:00] "GET /static/script/jquery.form.min.js HTTP/1.1" 304 0
[14/Aug/2024 05:08:00] "GET /static/treegrid/js/jquery.treegrid.js HTTP/1.1" 304 0
[14/Aug/2024 05:08:00] "GET /static/script/bootstrap/bootstrap-treeview.js HTTP/1.1" 304 0
[14/Aug/2024 05:08:00] "GET /static/bootstrap/js/bootstrap.bundle.min.js HTTP/1.1" 304 0
[14/Aug/2024 05:08:00] "GET /static/treegrid/js/jquery.treegrid.bootstrap3.js HTTP/1.1" 304 0
[14/Aug/2024 05:08:00] "GET /static/bootstrap-table/bootstrap-table.min.js HTTP/1.1" 304 0
[14/Aug/2024 05:08:00] "GET /static/bootstrap-table/extensions/group-by-v2/bootstrap-table-group-by.min.js HTTP/1.1" 304 0
[14/Aug/2024 05:08:00] "GET /static/bootstrap-table/extensions/filter-control/bootstrap-table-filter-control.min.js HTTP/1.1" 304 0
[14/Aug/2024 05:08:00] "GET /static/bootstrap-table/extensions/treegrid/bootstrap-table-treegrid.min.js HTTP/1.1" 304 0
[14/Aug/2024 05:08:00] "GET /static/bootstrap-table/extensions/custom-view/bootstrap-table-custom-view.min.js HTTP/1.1" 304 0
[14/Aug/2024 05:08:00] "GET /static/fontawesome/js/solid.min.js HTTP/1.1" 304 0
[14/Aug/2024 05:08:00] "GET /static/fontawesome/js/regular.min.js HTTP/1.1" 304 0
[14/Aug/2024 05:08:00] "GET /static/fontawesome/js/brands.min.js HTTP/1.1" 304 0
[14/Aug/2024 05:08:00] "GET /static/fontawesome/js/fontawesome.min.js HTTP/1.1" 304 0
[14/Aug/2024 05:08:01] "GET /static/fullcalendar/main.min.js HTTP/1.1" 304 0
[14/Aug/2024 05:08:01] "GET /static/fullcalendar/locales-all.min.js HTTP/1.1" 304 0
[14/Aug/2024 05:08:01] "GET /static/select2/js/select2.full.min.js HTTP/1.1" 304 0
[14/Aug/2024 05:08:01] "GET /static/script/moment.js HTTP/1.1" 304 0
[14/Aug/2024 05:08:01] "GET /static/script/chart.js HTTP/1.1" 304 0
[14/Aug/2024 05:08:01] "GET /static/script/chartjs-adapter-moment.js HTTP/1.1" 304 0
[14/Aug/2024 05:08:01] "GET /static/script/clipboard.min.js HTTP/1.1" 304 0
[14/Aug/2024 05:08:01] "GET /static/script/randomColor.min.js HTTP/1.1" 304 0
[14/Aug/2024 05:08:01] "GET /static/easymde/easymde.min.js HTTP/1.1" 304 0
[14/Aug/2024 05:08:01] "GET /static/script/html5-qrcode.min.js HTTP/1.1" 304 0
[14/Aug/2024 05:08:01] "GET /static/script/qrcode.min.js HTTP/1.1" 304 0
[14/Aug/2024 05:08:01] "GET /static/script/inventree/inventree.js HTTP/1.1" 304 0
[14/Aug/2024 05:08:01] "GET /static/script/inventree/message.js HTTP/1.1" 304 0
[14/Aug/2024 05:08:01] "GET /js/dynamic/calendar.js HTTP/1.1" 200 1341
[14/Aug/2024 05:08:01] "GET /js/dynamic/nav.js HTTP/1.1" 200 8934
[14/Aug/2024 05:08:01] "GET /js/dynamic/permissions.js HTTP/1.1" 200 1202
[14/Aug/2024 05:08:01] "GET /js/dynamic/settings.js HTTP/1.1" 200 11287
[14/Aug/2024 05:08:01] "GET /js/i18n/api.js HTTP/1.1" 200 7474
[14/Aug/2024 05:08:01] "GET /js/i18n/attachment.js HTTP/1.1" 200 10543
[14/Aug/2024 05:08:01] "GET /js/i18n/barcode.js HTTP/1.1" 200 25285
[14/Aug/2024 05:08:01] "GET /js/i18n/bom.js HTTP/1.1" 200 48299
[14/Aug/2024 05:08:01] "GET /js/i18n/build.js HTTP/1.1" 200 85131
[14/Aug/2024 05:08:01] "GET /js/i18n/charts.js HTTP/1.1" 200 1362
[14/Aug/2024 05:08:01] "GET /js/i18n/filters.js HTTP/1.1" 200 19076
[14/Aug/2024 05:08:02] "GET /js/i18n/company.js HTTP/1.1" 200 49860
[14/Aug/2024 05:08:02] "GET / HTTP/1.1" 302 0
[14/Aug/2024 05:08:02] "GET /index/ HTTP/1.1" 200 23053
[14/Aug/2024 05:08:02] "GET /static/bootstrap/css/bootstrap.min.css HTTP/1.1" 304 0
[14/Aug/2024 05:08:02] "GET /static/bootstrap-table/bootstrap-table.min.css HTTP/1.1" 304 0
[14/Aug/2024 05:08:02] "GET /static/bootstrap-table/extensions/group-by-v2/bootstrap-table-group-by.min.css HTTP/1.1" 304 0
[14/Aug/2024 05:08:02] "GET /static/bootstrap-table/extensions/filter-control/bootstrap-table-filter-control.css HTTP/1.1" 304 0
[14/Aug/2024 05:08:02] "GET /static/treegrid/css/jquery.treegrid.css HTTP/1.1" 304 0
[14/Aug/2024 05:08:03] "GET /static/fontawesome/css/brands.min.css HTTP/1.1" 304 0
[14/Aug/2024 05:08:03] "GET /static/fontawesome/css/solid.min.css HTTP/1.1" 304 0
[14/Aug/2024 05:08:03] "GET /static/select2/css/select2.min.css HTTP/1.1" 304 0
[14/Aug/2024 05:08:03] "GET /static/select2/css/select2-bootstrap-5-theme.css HTTP/1.1" 304 0
[14/Aug/2024 05:08:03] "GET /static/fullcalendar/main.min.css HTTP/1.1" 304 0
[14/Aug/2024 05:08:03] "GET /static/script/jquery-ui/jquery-ui.min.css HTTP/1.1" 304 0
[14/Aug/2024 05:08:03] "GET /static/easymde/easymde.min.css HTTP/1.1" 304 0
[14/Aug/2024 05:08:03] "GET /static/css/inventree.css HTTP/1.1" 304 0
[14/Aug/2024 05:08:03] "GET /static/css/color-themes/default.css HTTP/1.1" 304 0
[14/Aug/2024 05:08:04] "GET /static/script/jquery_3.3.1_jquery.min.js HTTP/1.1" 304 0
[14/Aug/2024 05:08:04] "GET /static/script/jquery.form.min.js HTTP/1.1" 304 0
[14/Aug/2024 05:08:04] "GET /static/script/jquery-ui/jquery-ui.min.js HTTP/1.1" 304 0
[14/Aug/2024 05:08:04] "GET /static/bootstrap/js/bootstrap.bundle.min.js HTTP/1.1" 304 0
[14/Aug/2024 05:08:04] "GET /static/img/inventree.png HTTP/1.1" 304 0
[14/Aug/2024 05:08:04] "GET /static/script/bootstrap/bootstrap-treeview.js HTTP/1.1" 304 0
[14/Aug/2024 05:08:04] "GET /static/treegrid/js/jquery.treegrid.js HTTP/1.1" 304 0
[14/Aug/2024 05:08:04] "GET /static/treegrid/js/jquery.treegrid.bootstrap3.js HTTP/1.1" 304 0
[14/Aug/2024 05:08:04] "GET /static/bootstrap-table/bootstrap-table.min.js HTTP/1.1" 304 0
[14/Aug/2024 05:08:04] "GET /static/bootstrap-table/extensions/group-by-v2/bootstrap-table-group-by.min.js HTTP/1.1" 304 0
[14/Aug/2024 05:08:05] "GET /static/bootstrap-table/extensions/filter-control/bootstrap-table-filter-control.min.js HTTP/1.1" 304 0
[14/Aug/2024 05:08:05] "GET /static/bootstrap-table/extensions/treegrid/bootstrap-table-treegrid.min.js HTTP/1.1" 304 0
[14/Aug/2024 05:08:05] "GET /static/bootstrap-table/extensions/custom-view/bootstrap-table-custom-view.min.js HTTP/1.1" 304 0
[14/Aug/2024 05:08:05] "GET /static/fontawesome/js/solid.min.js HTTP/1.1" 304 0
[14/Aug/2024 05:08:05] "GET /static/fontawesome/js/regular.min.js HTTP/1.1" 304 0
[14/Aug/2024 05:08:05] "GET /static/fontawesome/js/brands.min.js HTTP/1.1" 304 0
[14/Aug/2024 05:08:05] "GET /static/fullcalendar/main.min.js HTTP/1.1" 304 0
[14/Aug/2024 05:08:05] "GET /static/fontawesome/js/fontawesome.min.js HTTP/1.1" 304 0
[14/Aug/2024 05:08:05] "GET /static/fullcalendar/locales-all.min.js HTTP/1.1" 304 0
[14/Aug/2024 05:08:05] "GET /static/select2/js/select2.full.min.js HTTP/1.1" 304 0
[14/Aug/2024 05:08:05] "GET /static/script/moment.js HTTP/1.1" 304 0
[14/Aug/2024 05:08:05] "GET /static/script/chart.js HTTP/1.1" 304 0
[14/Aug/2024 05:08:05] "GET /static/script/chartjs-adapter-moment.js HTTP/1.1" 304 0
[14/Aug/2024 05:08:05] "GET /static/script/clipboard.min.js HTTP/1.1" 304 0
[14/Aug/2024 05:08:05] "GET /static/easymde/easymde.min.js HTTP/1.1" 304 0
[14/Aug/2024 05:08:06] "GET /static/script/randomColor.min.js HTTP/1.1" 304 0
[14/Aug/2024 05:08:06] "GET /static/script/html5-qrcode.min.js HTTP/1.1" 304 0
[14/Aug/2024 05:08:06] "GET /static/script/qrcode.min.js HTTP/1.1" 304 0
[14/Aug/2024 05:08:06] "GET /static/script/inventree/message.js HTTP/1.1" 304 0
[14/Aug/2024 05:08:06] "GET /static/script/inventree/inventree.js HTTP/1.1" 304 0
[14/Aug/2024 05:08:06] "GET /js/dynamic/calendar.js HTTP/1.1" 200 1341
[14/Aug/2024 05:08:06] "GET /js/dynamic/nav.js HTTP/1.1" 200 8934
[14/Aug/2024 05:08:06] "GET /js/dynamic/permissions.js HTTP/1.1" 200 1202
[14/Aug/2024 05:08:06] "GET /js/i18n/api.js HTTP/1.1" 200 7474
[14/Aug/2024 05:08:06] "GET /js/dynamic/settings.js HTTP/1.1" 200 11287
[14/Aug/2024 05:08:06] "GET /js/i18n/attachment.js HTTP/1.1" 200 10543
[14/Aug/2024 05:08:06] "GET /js/i18n/barcode.js HTTP/1.1" 200 25285
[14/Aug/2024 05:08:06] "GET /js/i18n/bom.js HTTP/1.1" 200 48299
[14/Aug/2024 05:08:06] "GET /js/i18n/charts.js HTTP/1.1" 200 1362
[14/Aug/2024 05:08:06] "GET /js/i18n/build.js HTTP/1.1" 200 85131
[14/Aug/2024 05:08:06] "GET /js/i18n/company.js HTTP/1.1" 200 49860
[14/Aug/2024 05:08:06] "GET /js/i18n/filters.js HTTP/1.1" 200 19076
[14/Aug/2024 05:08:06] "GET /js/i18n/forms.js HTTP/1.1" 200 88268
[14/Aug/2024 05:08:06] "GET /js/i18n/helpers.js HTTP/1.1" 200 13979
[14/Aug/2024 05:08:06] "GET /js/i18n/index.js HTTP/1.1" 200 3517
[14/Aug/2024 05:08:06] "GET /js/i18n/label.js HTTP/1.1" 200 6122
[14/Aug/2024 05:08:06] "GET /js/i18n/modals.js HTTP/1.1" 200 35708
[14/Aug/2024 05:08:06] "GET /js/i18n/model_renderers.js HTTP/1.1" 200 13696
[14/Aug/2024 05:08:06] "GET /js/i18n/order.js HTTP/1.1" 200 10032
[14/Aug/2024 05:08:07] "GET /js/i18n/report.js HTTP/1.1" 200 3743
[14/Aug/2024 05:08:07] "GET /js/i18n/part.js HTTP/1.1" 200 98572
[14/Aug/2024 05:08:07] "GET /js/i18n/purchase_order.js HTTP/1.1" 200 69557
[14/Aug/2024 05:08:07] "GET /js/i18n/sales_order.js HTTP/1.1" 200 68224
[14/Aug/2024 05:08:07] "GET /js/i18n/return_order.js HTTP/1.1" 200 22378
[14/Aug/2024 05:08:07] "GET /js/i18n/search.js HTTP/1.1" 200 10903
[14/Aug/2024 05:08:07] "GET /js/i18n/status_codes.js HTTP/1.1" 200 10398
[14/Aug/2024 05:08:07] "GET /js/i18n/stock.js HTTP/1.1" 200 96767
[14/Aug/2024 05:08:07] "GET /js/i18n/pricing.js HTTP/1.1" 200 31616
[14/Aug/2024 05:08:07] "GET /js/i18n/news.js HTTP/1.1" 200 2115
[14/Aug/2024 05:08:07] "GET /js/i18n/plugin.js HTTP/1.1" 200 8125
[14/Aug/2024 05:08:07] "GET /js/i18n/tables.js HTTP/1.1" 200 17163
[14/Aug/2024 05:08:07] "GET /js/i18n/table_filters.js HTTP/1.1" 200 22482
[14/Aug/2024 05:08:07] "GET /js/i18n/notification.js HTTP/1.1" 200 9030
[14/Aug/2024 05:08:08] "GET /api/part/?search=&offset=0&limit=25&starred=true&active=true&category_detail=true HTTP/1.1" 200 52
[14/Aug/2024 05:08:08] "GET /api/currency/exchange/ HTTP/1.1" 200 58
[14/Aug/2024 05:08:08] "GET /api/part/category/?search=&offset=0&limit=25&starred=true HTTP/1.1" 200 52
[14/Aug/2024 05:08:08] "GET /api/build/?search=&offset=0&limit=25&active=true&part_detail=true HTTP/1.1" 200 52
[14/Aug/2024 05:08:08] "GET /api/build/?search=&offset=0&limit=25&overdue=true&part_detail=true HTTP/1.1" 200 52
[14/Aug/2024 05:08:08] "GET /api/stock/?search=&offset=0&limit=25&in_stock=true&part_detail=true&ordering=-updated&updated_after=2024-07-14&location_detail=true HTTP/1.1" 200 29042
[14/Aug/2024 05:08:08] "GET /api/order/po/?search=&offset=0&limit=25&supplier_detail=true&outstanding=true HTTP/1.1" 200 52
[14/Aug/2024 05:08:08] "GET /api/order/po/?search=&offset=0&limit=25&supplier_detail=true&overdue=true HTTP/1.1" 200 52
[14/Aug/2024 05:08:08] "GET /api/order/so/?search=&offset=0&limit=25&customer_detail=true&outstanding=true HTTP/1.1" 200 52
[14/Aug/2024 05:08:08] "GET /api/order/so/?search=&offset=0&limit=25&overdue=true&customer_detail=true HTTP/1.1" 200 52
[14/Aug/2024 05:08:08] "GET /api/order/so/shipment/?shipped=false HTTP/1.1" 200 2
[14/Aug/2024 05:08:09] "GET /api/notifications/?read=false HTTP/1.1" 200 2
[14/Aug/2024 05:08:09] "GET /static/img/blank_image.thumbnail.png HTTP/1.1" 304 0
[14/Aug/2024 05:08:09] "GET /api/part/?search=&offset=0&limit=25&ordering=-creation_date&created_after=2024-07-14&active=true&category_detail=true HTTP/1.1" 200 41942
Not Found: /media/part_images/d19ca410-8de9-45f1-a589-c097ae8b6f5e.png_366xaf.thumbnail.png
Not Found: /media/part_images/d19ca410-8de9-45f1-a589-c097ae8b6f5e.png_366xaf.thumbnail.png
[14/Aug/2024 05:08:09] "GET /media/part_images/d19ca410-8de9-45f1-a589-c097ae8b6f5e.png_366xaf.thumbnail.png HTTP/1.1" 404 6996
Not Found: /media/part_images/images__1.thumbnail.png
Not Found: /media/part_images/images__1.thumbnail.png
[14/Aug/2024 05:08:09] "GET /media/part_images/images__1.thumbnail.png HTTP/1.1" 404 6844
[14/Aug/2024 05:08:10] "GET /part/12122/ HTTP/1.1" 200 70918
[14/Aug/2024 05:08:10] "GET /static/bootstrap/css/bootstrap.min.css HTTP/1.1" 304 0
[14/Aug/2024 05:08:10] "GET /static/bootstrap-table/bootstrap-table.min.css HTTP/1.1" 304 0
[14/Aug/2024 05:08:10] "GET /static/bootstrap-table/extensions/group-by-v2/bootstrap-table-group-by.min.css HTTP/1.1" 304 0
[14/Aug/2024 05:08:10] "GET /static/bootstrap-table/extensions/filter-control/bootstrap-table-filter-control.css HTTP/1.1" 304 0
[14/Aug/2024 05:08:11] "GET /static/treegrid/css/jquery.treegrid.css HTTP/1.1" 304 0
[14/Aug/2024 05:08:11] "GET /static/fontawesome/css/brands.min.css HTTP/1.1" 304 0
[14/Aug/2024 05:08:11] "GET /static/fontawesome/css/solid.min.css HTTP/1.1" 304 0
[14/Aug/2024 05:08:11] "GET /static/select2/css/select2.min.css HTTP/1.1" 304 0
[14/Aug/2024 05:08:11] "GET /static/select2/css/select2-bootstrap-5-theme.css HTTP/1.1" 304 0
[14/Aug/2024 05:08:11] "GET /static/fullcalendar/main.min.css HTTP/1.1" 304 0
[14/Aug/2024 05:08:11] "GET /static/script/jquery-ui/jquery-ui.min.css HTTP/1.1" 304 0
[14/Aug/2024 05:08:11] "GET /static/easymde/easymde.min.css HTTP/1.1" 304 0
[14/Aug/2024 05:08:11] "GET /api/part/?search=&offset=0&limit=25&low_stock=true&active=true&category_detail=true HTTP/1.1" 200 41270
[14/Aug/2024 05:08:11] "GET /static/css/inventree.css HTTP/1.1" 304 0
[14/Aug/2024 05:08:11] "GET /static/css/color-themes/default.css HTTP/1.1" 304 0
[14/Aug/2024 05:08:11] "GET /static/script/jquery_3.3.1_jquery.min.js HTTP/1.1" 304 0
[14/Aug/2024 05:08:11] "GET /static/img/blank_image.png HTTP/1.1" 304 0
[14/Aug/2024 05:08:11] "GET /static/script/jquery.form.min.js HTTP/1.1" 304 0
[14/Aug/2024 05:08:11] "GET /static/script/jquery-ui/jquery-ui.min.js HTTP/1.1" 304 0
[14/Aug/2024 05:08:11] "GET /static/bootstrap/js/bootstrap.bundle.min.js HTTP/1.1" 304 0
[14/Aug/2024 05:08:11] "GET /static/img/inventree.png HTTP/1.1" 304 0
[14/Aug/2024 05:08:11] "GET /static/script/bootstrap/bootstrap-treeview.js HTTP/1.1" 304 0
[14/Aug/2024 05:08:11] "GET /static/treegrid/js/jquery.treegrid.js HTTP/1.1" 304 0
[14/Aug/2024 05:08:11] "GET /static/treegrid/js/jquery.treegrid.bootstrap3.js HTTP/1.1" 304 0
[14/Aug/2024 05:08:11] "GET /static/bootstrap-table/bootstrap-table.min.js HTTP/1.1" 304 0
[14/Aug/2024 05:08:12] "GET /static/bootstrap-table/extensions/filter-control/bootstrap-table-filter-control.min.js HTTP/1.1" 304 0
[14/Aug/2024 05:08:12] "GET /static/bootstrap-table/extensions/treegrid/bootstrap-table-treegrid.min.js HTTP/1.1" 304 0
[14/Aug/2024 05:08:12] "GET /static/fontawesome/js/solid.min.js HTTP/1.1" 304 0
[14/Aug/2024 05:08:12] "GET /static/fontawesome/js/regular.min.js HTTP/1.1" 304 0
[14/Aug/2024 05:08:12] "GET /static/fontawesome/js/brands.min.js HTTP/1.1" 304 0
[14/Aug/2024 05:08:12] "GET /static/fontawesome/js/fontawesome.min.js HTTP/1.1" 304 0
[14/Aug/2024 05:08:12] "GET /static/bootstrap-table/extensions/custom-view/bootstrap-table-custom-view.min.js HTTP/1.1" 304 0
[14/Aug/2024 05:08:12] "GET /static/fullcalendar/main.min.js HTTP/1.1" 304 0
[14/Aug/2024 05:08:12] "GET /static/fullcalendar/locales-all.min.js HTTP/1.1" 304 0
[14/Aug/2024 05:08:12] "GET /static/bootstrap-table/extensions/group-by-v2/bootstrap-table-group-by.min.js HTTP/1.1" 304 0
[14/Aug/2024 05:08:12] "GET /static/select2/js/select2.full.min.js HTTP/1.1" 304 0
[14/Aug/2024 05:08:12] "GET /static/script/moment.js HTTP/1.1" 304 0
[14/Aug/2024 05:08:12] "GET /static/script/chartjs-adapter-moment.js HTTP/1.1" 304 0
[14/Aug/2024 05:08:12] "GET /static/script/clipboard.min.js HTTP/1.1" 304 0
[14/Aug/2024 05:08:12] "GET /static/easymde/easymde.min.js HTTP/1.1" 304 0
[14/Aug/2024 05:08:12] "GET /static/script/randomColor.min.js HTTP/1.1" 304 0
[14/Aug/2024 05:08:12] "GET /static/script/html5-qrcode.min.js HTTP/1.1" 304 0
[14/Aug/2024 05:08:12] "GET /static/script/chart.js HTTP/1.1" 304 0
[14/Aug/2024 05:08:12] "GET /static/script/qrcode.min.js HTTP/1.1" 304 0
[14/Aug/2024 05:08:13] "GET /static/script/inventree/inventree.js HTTP/1.1" 304 0
[14/Aug/2024 05:08:13] "GET /static/script/inventree/message.js HTTP/1.1" 304 0
[14/Aug/2024 05:08:13] "GET /js/dynamic/calendar.js HTTP/1.1" 200 1341
[14/Aug/2024 05:08:13] "GET /js/dynamic/nav.js HTTP/1.1" 200 8934
[14/Aug/2024 05:08:13] "GET /js/dynamic/permissions.js HTTP/1.1" 200 1202
[14/Aug/2024 05:08:13] "GET /js/i18n/api.js HTTP/1.1" 200 7474
[14/Aug/2024 05:08:13] "GET /js/i18n/bom.js HTTP/1.1" 200 48299
[14/Aug/2024 05:08:13] "GET /js/dynamic/settings.js HTTP/1.1" 200 11287
[14/Aug/2024 05:08:13] "GET /js/i18n/charts.js HTTP/1.1" 200 1362
[14/Aug/2024 05:08:13] "GET /js/i18n/company.js HTTP/1.1" 200 49860
[14/Aug/2024 05:08:13] "GET /js/i18n/filters.js HTTP/1.1" 200 19076
[14/Aug/2024 05:08:13] "GET /js/i18n/build.js HTTP/1.1" 200 85131
[14/Aug/2024 05:08:14] "GET /js/i18n/forms.js HTTP/1.1" 200 88268
[14/Aug/2024 05:08:14] "GET /js/i18n/helpers.js HTTP/1.1" 200 13979
[14/Aug/2024 05:08:14] "GET /js/i18n/index.js HTTP/1.1" 200 3517
[14/Aug/2024 05:08:14] "GET /js/i18n/label.js HTTP/1.1" 200 6122
[14/Aug/2024 05:08:14] "GET /js/i18n/modals.js HTTP/1.1" 200 35708
[14/Aug/2024 05:08:14] "GET /js/i18n/model_renderers.js HTTP/1.1" 200 13696
[14/Aug/2024 05:08:14] "GET /js/i18n/order.js HTTP/1.1" 200 10032
[14/Aug/2024 05:08:14] "GET /js/i18n/part.js HTTP/1.1" 200 98572
[14/Aug/2024 05:08:14] "GET /js/i18n/purchase_order.js HTTP/1.1" 200 69557
[14/Aug/2024 05:08:14] "GET /js/i18n/return_order.js HTTP/1.1" 200 22378
[14/Aug/2024 05:08:14] "GET /js/i18n/attachment.js HTTP/1.1" 200 10543
[14/Aug/2024 05:08:14] "GET /js/i18n/report.js HTTP/1.1" 200 3743
[14/Aug/2024 05:08:14] "GET /js/i18n/sales_order.js HTTP/1.1" 200 68224
[14/Aug/2024 05:08:14] "GET /js/i18n/search.js HTTP/1.1" 200 10903
[14/Aug/2024 05:08:14] "GET /js/i18n/status_codes.js HTTP/1.1" 200 10398
[14/Aug/2024 05:08:15] "GET /js/i18n/stock.js HTTP/1.1" 200 96767
[14/Aug/2024 05:08:15] "GET /js/i18n/plugin.js HTTP/1.1" 200 8125
[14/Aug/2024 05:08:15] "GET /js/i18n/pricing.js HTTP/1.1" 200 31616
[14/Aug/2024 05:08:15] "GET /js/i18n/news.js HTTP/1.1" 200 2115
[14/Aug/2024 05:08:15] "GET /js/i18n/tables.js HTTP/1.1" 200 17163
[14/Aug/2024 05:08:15] "GET /js/i18n/table_filters.js HTTP/1.1" 200 22482
[14/Aug/2024 05:08:15] "GET /js/i18n/notification.js HTTP/1.1" 200 9030
[14/Aug/2024 05:08:15] "GET /js/i18n/barcode.js HTTP/1.1" 200 25285
[14/Aug/2024 05:08:15] "GET /api/user/roles/ HTTP/1.1" 200 527
[14/Aug/2024 05:08:16] "GET /api/currency/exchange/ HTTP/1.1" 200 58
[14/Aug/2024 05:08:17] "GET /api/notifications/?read=false HTTP/1.1" 200 2
[14/Aug/2024 05:08:17] "GET /api/part/category/tree/ HTTP/1.1" 200 21555
[14/Aug/2024 05:08:17] "GET /api/stock/?search=&offset=0&limit=25&cascade=1&in_stock=1&part=12122&location_detail=true&part_detail=true&supplier_part_detail=true HTTP/1.1" 200 52
[14/Aug/2024 05:08:19] "GET /api/label/part/?enabled=true&part%5B%5D=12122 HTTP/1.1" 200 382
[14/Aug/2024 05:08:20] "GET /api/plugins/?mixin=labels HTTP/1.1" 200 2029
[14/Aug/2024 05:08:20] "OPTIONS /api/label/part/1/print/?plugin=inventreelabel&part%5B%5D=12122 HTTP/1.1" 200 271
[14/Aug/2024 05:08:22] "GET /static/img/Vicharak_logo.png HTTP/1.1" 200 24805
[14/Aug/2024 05:08:22] "GET /static/img/Vicharak_logo.png HTTP/1.1" 200 24805
[14/Aug/2024 05:08:22] "POST /api/label/part/1/print/?plugin=inventreelabel&part%5B%5D=12122 HTTP/1.1" 200 100
[14/Aug/2024 05:08:23] "GET /media/label/output/labels_OSCBZpS.pdf HTTP/1.1" 200 42291
[14/Aug/2024 05:10:04] "GET /api/label/part/?enabled=true&part%5B%5D=12122 HTTP/1.1" 200 382
[14/Aug/2024 05:10:04] "GET /api/plugins/?mixin=labels HTTP/1.1" 200 2029
[14/Aug/2024 05:10:05] "OPTIONS /api/label/part/1/print/?plugin=inventreelabel&part%5B%5D=12122 HTTP/1.1" 200 271
[14/Aug/2024 05:10:06] "GET /static/img/Vicharak_logo.png HTTP/1.1" 200 24805
[14/Aug/2024 05:10:06] "GET /static/img/Vicharak_logo.png HTTP/1.1" 200 24805
[14/Aug/2024 05:10:07] "GET /api/notifications/?read=false HTTP/1.1" 200 2
[14/Aug/2024 05:10:07] "POST /api/label/part/1/print/?plugin=inventreelabel&part%5B%5D=12122 HTTP/1.1" 200 100
[14/Aug/2024 05:10:07] "GET /media/label/output/labels_a8eqZgz.pdf HTTP/1.1" 200 42206
[14/Aug/2024 05:10:47] "GET /api/notifications/?read=false HTTP/1.1" 200 2
[14/Aug/2024 05:10:47] "GET /api/label/part/?enabled=true&part%5B%5D=12122 HTTP/1.1" 200 382
[14/Aug/2024 05:10:47] "GET /api/plugins/?mixin=labels HTTP/1.1" 200 2029
[14/Aug/2024 05:10:47] "OPTIONS /api/label/part/1/print/?plugin=inventreelabel&part%5B%5D=12122 HTTP/1.1" 200 271
[14/Aug/2024 05:10:48] "GET /static/img/Vicharak_logo.png HTTP/1.1" 200 24805
[14/Aug/2024 05:10:48] "GET /static/img/Vicharak_logo.png HTTP/1.1" 200 24805
[14/Aug/2024 05:10:49] "POST /api/label/part/1/print/?plugin=inventreelabel&part%5B%5D=12122 HTTP/1.1" 200 100
[14/Aug/2024 05:10:49] "GET /media/label/output/labels_vhNXjqk.pdf HTTP/1.1" 200 42050
[14/Aug/2024 05:11:55] "GET /api/label/part/?enabled=true&part%5B%5D=12122 HTTP/1.1" 200 382
[14/Aug/2024 05:11:55] "GET /api/plugins/?mixin=labels HTTP/1.1" 200 2029
[14/Aug/2024 05:11:55] "OPTIONS /api/label/part/1/print/?plugin=inventreelabel&part%5B%5D=12122 HTTP/1.1" 200 271
[14/Aug/2024 05:11:56] "GET /static/img/Vicharak_logo.png HTTP/1.1" 200 24805
[14/Aug/2024 05:11:56] "GET /static/img/Vicharak_logo.png HTTP/1.1" 200 24805
[14/Aug/2024 05:11:57] "GET /api/notifications/?read=false HTTP/1.1" 200 2
[14/Aug/2024 05:11:57] "POST /api/label/part/1/print/?plugin=inventreelabel&part%5B%5D=12122 HTTP/1.1" 200 100
[14/Aug/2024 05:11:57] "GET /media/label/output/labels_40ljFKi.pdf HTTP/1.1" 200 42072
[14/Aug/2024 05:12:22] "GET /api/notifications/?read=false HTTP/1.1" 200 2
[14/Aug/2024 05:12:22] "GET /api/label/part/?enabled=true&part%5B%5D=12122 HTTP/1.1" 200 382
[14/Aug/2024 05:12:22] "GET /api/plugins/?mixin=labels HTTP/1.1" 200 2029
[14/Aug/2024 05:12:22] "OPTIONS /api/label/part/1/print/?plugin=inventreelabel&part%5B%5D=12122 HTTP/1.1" 200 271
[14/Aug/2024 05:12:23] "GET /static/img/Vicharak_logo.png HTTP/1.1" 200 24805
[14/Aug/2024 05:12:23] "GET /static/img/Vicharak_logo.png HTTP/1.1" 200 24805
[14/Aug/2024 05:12:24] "POST /api/label/part/1/print/?plugin=inventreelabel&part%5B%5D=12122 HTTP/1.1" 200 100
[14/Aug/2024 05:12:24] "GET /media/label/output/labels_7v7DqHX.pdf HTTP/1.1" 200 42080
[14/Aug/2024 05:12:35] "GET /api/label/part/?enabled=true&part%5B%5D=12122 HTTP/1.1" 200 382
[14/Aug/2024 05:12:35] "GET /api/plugins/?mixin=labels HTTP/1.1" 200 2029
[14/Aug/2024 05:12:35] "OPTIONS /api/label/part/1/print/?plugin=inventreelabel&part%5B%5D=12122 HTTP/1.1" 200 271
[14/Aug/2024 05:12:36] "GET /static/img/Vicharak_logo.png HTTP/1.1" 200 24805
[14/Aug/2024 05:12:36] "GET /static/img/Vicharak_logo.png HTTP/1.1" 200 24805
[14/Aug/2024 05:12:36] "POST /api/label/part/1/print/?plugin=inventreelabel&part%5B%5D=12122 HTTP/1.1" 200 100
[14/Aug/2024 05:12:36] "GET /media/label/output/labels_XPH6Zpe.pdf HTTP/1.1" 200 42081
[14/Aug/2024 05:13:06] "GET /api/label/part/?enabled=true&part%5B%5D=12122 HTTP/1.1" 200 382
[14/Aug/2024 05:13:06] "GET /api/plugins/?mixin=labels HTTP/1.1" 200 2029
[14/Aug/2024 05:13:07] "OPTIONS /api/label/part/1/print/?plugin=inventreelabel&part%5B%5D=12122 HTTP/1.1" 200 271
[14/Aug/2024 05:13:07] "GET /api/notifications/?read=false HTTP/1.1" 200 2
[14/Aug/2024 05:13:08] "GET /static/img/Vicharak_logo.png HTTP/1.1" 200 24805
[14/Aug/2024 05:13:08] "GET /static/img/Vicharak_logo.png HTTP/1.1" 200 24805
[14/Aug/2024 05:13:08] "POST /api/label/part/1/print/?plugin=inventreelabel&part%5B%5D=12122 HTTP/1.1" 200 100
[14/Aug/2024 05:13:08] "GET /media/label/output/labels_5MuyvYL.pdf HTTP/1.1" 200 42065
[14/Aug/2024 05:14:12] "GET /api/notifications/?read=false HTTP/1.1" 200 2
[14/Aug/2024 05:14:12] "GET /api/label/part/?enabled=true&part%5B%5D=12122 HTTP/1.1" 200 382
[14/Aug/2024 05:14:12] "GET /api/plugins/?mixin=labels HTTP/1.1" 200 2029
[14/Aug/2024 05:14:12] "OPTIONS /api/label/part/1/print/?plugin=inventreelabel&part%5B%5D=12122 HTTP/1.1" 200 271
[14/Aug/2024 05:14:14] "GET /static/img/Vicharak_logo.png HTTP/1.1" 200 24805
[14/Aug/2024 05:14:14] "GET /static/img/Vicharak_logo.png HTTP/1.1" 200 24805
[14/Aug/2024 05:14:14] "POST /api/label/part/1/print/?plugin=inventreelabel&part%5B%5D=12122 HTTP/1.1" 200 100
[14/Aug/2024 05:14:14] "GET /media/label/output/labels_Js6E6Hn.pdf HTTP/1.1" 200 42060
[14/Aug/2024 05:15:00] "GET /api/label/part/?enabled=true&part%5B%5D=12122 HTTP/1.1" 200 382
[14/Aug/2024 05:15:00] "GET /api/plugins/?mixin=labels HTTP/1.1" 200 2029
[14/Aug/2024 05:15:00] "OPTIONS /api/label/part/1/print/?plugin=inventreelabel&part%5B%5D=12122 HTTP/1.1" 200 271
[14/Aug/2024 05:15:01] "GET /static/img/Vicharak_logo.png HTTP/1.1" 200 24805
[14/Aug/2024 05:15:01] "GET /static/img/Vicharak_logo.png HTTP/1.1" 200 24805
[14/Aug/2024 05:15:02] "GET /api/notifications/?read=false HTTP/1.1" 200 2
[14/Aug/2024 05:15:02] "POST /api/label/part/1/print/?plugin=inventreelabel&part%5B%5D=12122 HTTP/1.1" 200 100
[14/Aug/2024 05:15:02] "GET /media/label/output/labels_xBJ3AlM.pdf HTTP/1.1" 200 42056
[14/Aug/2024 05:15:27] "GET /api/notifications/?read=false HTTP/1.1" 200 2
[14/Aug/2024 05:15:27] "GET /api/label/part/?enabled=true&part%5B%5D=12122 HTTP/1.1" 200 382
[14/Aug/2024 05:15:27] "GET /api/plugins/?mixin=labels HTTP/1.1" 200 2029
[14/Aug/2024 05:15:27] "OPTIONS /api/label/part/1/print/?plugin=inventreelabel&part%5B%5D=12122 HTTP/1.1" 200 271
[14/Aug/2024 05:15:28] "GET /static/img/Vicharak_logo.png HTTP/1.1" 200 24805
[14/Aug/2024 05:15:28] "GET /static/img/Vicharak_logo.png HTTP/1.1" 200 24805
[14/Aug/2024 05:15:29] "POST /api/label/part/1/print/?plugin=inventreelabel&part%5B%5D=12122 HTTP/1.1" 200 100
[14/Aug/2024 05:15:29] "GET /media/label/output/labels_8QBrd6T.pdf HTTP/1.1" 200 42059
[14/Aug/2024 05:15:51] "GET /api/part/12122/pricing2/ HTTP/1.1" 200 1439
[14/Aug/2024 05:15:52] "GET /api/notifications/?read=false HTTP/1.1" 200 2
[14/Aug/2024 05:15:53] "GET /api/label/part/?enabled=true&part%5B%5D=12122 HTTP/1.1" 200 382
[14/Aug/2024 05:15:53] "GET /api/plugins/?mixin=labels HTTP/1.1" 200 2029
[14/Aug/2024 05:15:54] "OPTIONS /api/label/part/1/print/?plugin=inventreelabel&part%5B%5D=12122 HTTP/1.1" 200 271
[14/Aug/2024 05:15:55] "GET /static/img/Vicharak_logo.png HTTP/1.1" 200 24805
[14/Aug/2024 05:15:55] "GET /static/img/Vicharak_logo.png HTTP/1.1" 200 24805
[14/Aug/2024 05:15:55] "POST /api/label/part/1/print/?plugin=inventreelabel&part%5B%5D=12122 HTTP/1.1" 200 100
[14/Aug/2024 05:15:56] "GET /media/label/output/labels_wjmlO6Z.pdf HTTP/1.1" 200 42059
[14/Aug/2024 05:16:12] "GET /api/label/part/?enabled=true&part%5B%5D=12122 HTTP/1.1" 200 382
[14/Aug/2024 05:16:12] "GET /api/plugins/?mixin=labels HTTP/1.1" 200 2029
[14/Aug/2024 05:16:12] "OPTIONS /api/label/part/1/print/?plugin=inventreelabel&part%5B%5D=12122 HTTP/1.1" 200 271
[14/Aug/2024 05:16:13] "GET /static/img/Vicharak_logo.png HTTP/1.1" 200 24805
[14/Aug/2024 05:16:13] "GET /static/img/Vicharak_logo.png HTTP/1.1" 200 24805
[14/Aug/2024 05:16:13] "POST /api/label/part/1/print/?plugin=inventreelabel&part%5B%5D=12122 HTTP/1.1" 200 100
[14/Aug/2024 05:16:14] "GET /media/label/output/labels_8ziojCG.pdf HTTP/1.1" 200 42069
[14/Aug/2024 05:45:52] "GET /api/notifications/?read=false HTTP/1.1" 200 2
[14/Aug/2024 05:45:52] "GET /part/ HTTP/1.1" 200 27271
[14/Aug/2024 05:45:52] "GET /static/bootstrap/css/bootstrap.min.css HTTP/1.1" 304 0
[14/Aug/2024 05:45:52] "GET /static/bootstrap-table/bootstrap-table.min.css HTTP/1.1" 304 0
[14/Aug/2024 05:45:52] "GET /static/bootstrap-table/extensions/group-by-v2/bootstrap-table-group-by.min.css HTTP/1.1" 304 0
[14/Aug/2024 05:45:52] "GET /static/bootstrap-table/extensions/filter-control/bootstrap-table-filter-control.css HTTP/1.1" 304 0
[14/Aug/2024 05:45:52] "GET /static/treegrid/css/jquery.treegrid.css HTTP/1.1" 304 0
[14/Aug/2024 05:45:52] "GET /static/fontawesome/css/solid.min.css HTTP/1.1" 304 0
[14/Aug/2024 05:45:52] "GET /static/fontawesome/css/brands.min.css HTTP/1.1" 304 0
[14/Aug/2024 05:45:52] "GET /static/select2/css/select2.min.css HTTP/1.1" 304 0
[14/Aug/2024 05:45:52] "GET /static/select2/css/select2-bootstrap-5-theme.css HTTP/1.1" 304 0
[14/Aug/2024 05:45:52] "GET /static/easymde/easymde.min.css HTTP/1.1" 304 0
[14/Aug/2024 05:45:52] "GET /static/script/jquery-ui/jquery-ui.min.css HTTP/1.1" 304 0
[14/Aug/2024 05:45:52] "GET /static/fullcalendar/main.min.css HTTP/1.1" 304 0
[14/Aug/2024 05:45:52] "GET /static/css/color-themes/default.css HTTP/1.1" 304 0
[14/Aug/2024 05:45:53] "GET /static/css/inventree.css HTTP/1.1" 304 0
[14/Aug/2024 05:45:53] "GET /static/script/jquery.form.min.js HTTP/1.1" 304 0
[14/Aug/2024 05:45:53] "GET /static/script/jquery_3.3.1_jquery.min.js HTTP/1.1" 304 0
[14/Aug/2024 05:45:53] "GET /static/script/jquery-ui/jquery-ui.min.js HTTP/1.1" 304 0
[14/Aug/2024 05:45:53] "GET /static/bootstrap/js/bootstrap.bundle.min.js HTTP/1.1" 304 0
[14/Aug/2024 05:45:53] "GET /static/img/inventree.png HTTP/1.1" 304 0
[14/Aug/2024 05:45:53] "GET /static/fontawesome/webfonts/fa-solid-900.woff2 HTTP/1.1" 304 0
[14/Aug/2024 05:45:53] "GET /static/script/bootstrap/bootstrap-treeview.js HTTP/1.1" 304 0
[14/Aug/2024 05:45:53] "GET /static/treegrid/js/jquery.treegrid.js HTTP/1.1" 304 0
[14/Aug/2024 05:45:53] "GET /static/treegrid/js/jquery.treegrid.bootstrap3.js HTTP/1.1" 304 0
[14/Aug/2024 05:45:53] "GET /static/bootstrap-table/bootstrap-table.min.js HTTP/1.1" 304 0
[14/Aug/2024 05:45:53] "GET /static/bootstrap-table/extensions/group-by-v2/bootstrap-table-group-by.min.js HTTP/1.1" 304 0
[14/Aug/2024 05:45:53] "GET /static/bootstrap-table/extensions/filter-control/bootstrap-table-filter-control.min.js HTTP/1.1" 304 0
[14/Aug/2024 05:45:53] "GET /static/bootstrap-table/extensions/treegrid/bootstrap-table-treegrid.min.js HTTP/1.1" 304 0
[14/Aug/2024 05:45:53] "GET /static/bootstrap-table/extensions/custom-view/bootstrap-table-custom-view.min.js HTTP/1.1" 304 0
[14/Aug/2024 05:45:53] "GET /static/fontawesome/js/solid.min.js HTTP/1.1" 304 0
[14/Aug/2024 05:45:53] "GET /static/fontawesome/js/regular.min.js HTTP/1.1" 304 0
[14/Aug/2024 05:45:53] "GET /static/fontawesome/js/brands.min.js HTTP/1.1" 304 0
[14/Aug/2024 05:45:53] "GET /static/fontawesome/js/fontawesome.min.js HTTP/1.1" 304 0
[14/Aug/2024 05:45:53] "GET /static/fullcalendar/main.min.js HTTP/1.1" 304 0
[14/Aug/2024 05:45:53] "GET /static/fullcalendar/locales-all.min.js HTTP/1.1" 304 0
[14/Aug/2024 05:45:53] "GET /static/select2/js/select2.full.min.js HTTP/1.1" 304 0
[14/Aug/2024 05:45:53] "GET /static/script/moment.js HTTP/1.1" 304 0
[14/Aug/2024 05:45:54] "GET /static/script/chart.js HTTP/1.1" 304 0
[14/Aug/2024 05:45:54] "GET /static/script/chartjs-adapter-moment.js HTTP/1.1" 304 0
[14/Aug/2024 05:45:54] "GET /static/script/clipboard.min.js HTTP/1.1" 304 0
[14/Aug/2024 05:45:54] "GET /static/easymde/easymde.min.js HTTP/1.1" 304 0
[14/Aug/2024 05:45:54] "GET /static/script/randomColor.min.js HTTP/1.1" 304 0
[14/Aug/2024 05:45:54] "GET /static/script/html5-qrcode.min.js HTTP/1.1" 304 0
[14/Aug/2024 05:45:54] "GET /static/script/qrcode.min.js HTTP/1.1" 304 0
[14/Aug/2024 05:45:54] "GET /static/script/inventree/inventree.js HTTP/1.1" 304 0
[14/Aug/2024 05:45:54] "GET /static/script/inventree/message.js HTTP/1.1" 304 0
[14/Aug/2024 05:45:54] "GET /js/dynamic/calendar.js HTTP/1.1" 200 1341
[14/Aug/2024 05:45:54] "GET /js/dynamic/nav.js HTTP/1.1" 200 8934
[14/Aug/2024 05:45:54] "GET /js/dynamic/permissions.js HTTP/1.1" 200 1202
[14/Aug/2024 05:45:54] "GET /js/dynamic/settings.js HTTP/1.1" 200 11287
[14/Aug/2024 05:45:54] "GET /js/i18n/api.js HTTP/1.1" 200 7474
[14/Aug/2024 05:45:54] "GET /js/i18n/attachment.js HTTP/1.1" 200 10543
[14/Aug/2024 05:45:54] "GET /js/i18n/barcode.js HTTP/1.1" 200 25285
[14/Aug/2024 05:45:54] "GET /js/i18n/bom.js HTTP/1.1" 200 48299
[14/Aug/2024 05:45:54] "GET /js/i18n/build.js HTTP/1.1" 200 85131
[14/Aug/2024 05:45:54] "GET /js/i18n/charts.js HTTP/1.1" 200 1362
[14/Aug/2024 05:45:54] "GET /js/i18n/company.js HTTP/1.1" 200 49860
[14/Aug/2024 05:45:54] "GET /js/i18n/filters.js HTTP/1.1" 200 19076
[14/Aug/2024 05:45:54] "GET /js/i18n/forms.js HTTP/1.1" 200 88268
[14/Aug/2024 05:45:54] "GET /js/i18n/helpers.js HTTP/1.1" 200 13979
[14/Aug/2024 05:45:55] "GET /js/i18n/index.js HTTP/1.1" 200 3517
[14/Aug/2024 05:45:55] "GET /js/i18n/label.js HTTP/1.1" 200 6122
[14/Aug/2024 05:45:55] "GET /js/i18n/modals.js HTTP/1.1" 200 35708
[14/Aug/2024 05:45:55] "GET /js/i18n/model_renderers.js HTTP/1.1" 200 13696
[14/Aug/2024 05:45:55] "GET /js/i18n/order.js HTTP/1.1" 200 10032
[14/Aug/2024 05:45:55] "GET /js/i18n/return_order.js HTTP/1.1" 200 22378
[14/Aug/2024 05:45:55] "GET /js/i18n/part.js HTTP/1.1" 200 98572
[14/Aug/2024 05:45:55] "GET /js/i18n/purchase_order.js HTTP/1.1" 200 69557
[14/Aug/2024 05:45:55] "GET /js/i18n/sales_order.js HTTP/1.1" 200 68224
[14/Aug/2024 05:45:55] "GET /js/i18n/report.js HTTP/1.1" 200 3743
[14/Aug/2024 05:45:55] "GET /js/i18n/status_codes.js HTTP/1.1" 200 10398
[14/Aug/2024 05:45:55] "GET /js/i18n/search.js HTTP/1.1" 200 10903
[14/Aug/2024 05:45:55] "GET /js/i18n/pricing.js HTTP/1.1" 200 31616
[14/Aug/2024 05:45:55] "GET /js/i18n/plugin.js HTTP/1.1" 200 8125
[14/Aug/2024 05:45:55] "GET /js/i18n/news.js HTTP/1.1" 200 2115
[14/Aug/2024 05:45:55] "GET /js/i18n/stock.js HTTP/1.1" 200 96767
[14/Aug/2024 05:45:55] "GET /js/i18n/tables.js HTTP/1.1" 200 17163
[14/Aug/2024 05:45:55] "GET /js/i18n/table_filters.js HTTP/1.1" 200 22482
[14/Aug/2024 05:45:55] "GET /js/i18n/notification.js HTTP/1.1" 200 9030
[14/Aug/2024 05:45:56] "GET /api/user/roles/ HTTP/1.1" 200 527
[14/Aug/2024 05:45:56] "GET /api/notifications/?read=false HTTP/1.1" 200 2
[14/Aug/2024 05:45:56] "GET /api/part/category/tree/ HTTP/1.1" 200 21555
[14/Aug/2024 05:45:56] "GET /api/part/?search=&offset=0&limit=25&category=null&category_detail=true HTTP/1.1" 200 42215
[14/Aug/2024 05:45:56] "GET /static/img/blank_image.thumbnail.png HTTP/1.1" 304 0
[14/Aug/2024 05:45:57] "OPTIONS /api/part/?context=true HTTP/1.1" 200 10900
[14/Aug/2024 05:46:46] "GET /api/notifications/?read=false HTTP/1.1" 200 2
[14/Aug/2024 05:46:46] "OPTIONS /api/part/?context=true HTTP/1.1" 200 10900
[14/Aug/2024 05:46:47] "GET /api/part/category/?structural=false&offset=0&limit=25 HTTP/1.1" 200 7966
[14/Aug/2024 05:46:52] "POST /api/part/ HTTP/1.1" 201 749
[14/Aug/2024 05:46:53] "GET /part/12124/ HTTP/1.1" 200 69528
[14/Aug/2024 05:46:53] "GET /static/treegrid/css/jquery.treegrid.css HTTP/1.1" 304 0
[14/Aug/2024 05:46:53] "GET /static/bootstrap/css/bootstrap.min.css HTTP/1.1" 304 0
[14/Aug/2024 05:46:53] "GET /static/bootstrap-table/extensions/filter-control/bootstrap-table-filter-control.css HTTP/1.1" 304 0
[14/Aug/2024 05:46:53] "GET /static/bootstrap-table/extensions/group-by-v2/bootstrap-table-group-by.min.css HTTP/1.1" 304 0
[14/Aug/2024 05:46:53] "GET /static/bootstrap-table/bootstrap-table.min.css HTTP/1.1" 304 0
[14/Aug/2024 05:46:53] "GET /static/fontawesome/css/brands.min.css HTTP/1.1" 304 0
[14/Aug/2024 05:46:53] "GET /static/fontawesome/css/solid.min.css HTTP/1.1" 304 0
[14/Aug/2024 05:46:53] "GET /static/select2/css/select2-bootstrap-5-theme.css HTTP/1.1" 304 0
[14/Aug/2024 05:46:53] "GET /static/script/jquery-ui/jquery-ui.min.css HTTP/1.1" 304 0
[14/Aug/2024 05:46:53] "GET /static/fullcalendar/main.min.css HTTP/1.1" 304 0
[14/Aug/2024 05:46:53] "GET /static/select2/css/select2.min.css HTTP/1.1" 304 0
[14/Aug/2024 05:46:53] "GET /static/easymde/easymde.min.css HTTP/1.1" 304 0
[14/Aug/2024 05:46:53] "GET /static/css/inventree.css HTTP/1.1" 304 0
[14/Aug/2024 05:46:53] "GET /static/css/color-themes/default.css HTTP/1.1" 304 0
[14/Aug/2024 05:46:53] "GET /static/script/jquery_3.3.1_jquery.min.js HTTP/1.1" 304 0
[14/Aug/2024 05:46:53] "GET /static/img/blank_image.png HTTP/1.1" 304 0
[14/Aug/2024 05:46:53] "GET /static/script/jquery.form.min.js HTTP/1.1" 304 0
[14/Aug/2024 05:46:54] "GET /static/script/jquery-ui/jquery-ui.min.js HTTP/1.1" 304 0
[14/Aug/2024 05:46:54] "GET /static/img/inventree.png HTTP/1.1" 304 0
[14/Aug/2024 05:46:54] "GET /static/script/bootstrap/bootstrap-treeview.js HTTP/1.1" 304 0
[14/Aug/2024 05:46:54] "GET /static/bootstrap/js/bootstrap.bundle.min.js HTTP/1.1" 304 0
[14/Aug/2024 05:46:54] "GET /static/treegrid/js/jquery.treegrid.js HTTP/1.1" 304 0
[14/Aug/2024 05:46:54] "GET /static/fontawesome/webfonts/fa-solid-900.woff2 HTTP/1.1" 304 0
[14/Aug/2024 05:46:54] "GET /static/treegrid/js/jquery.treegrid.bootstrap3.js HTTP/1.1" 304 0
[14/Aug/2024 05:46:54] "GET /static/bootstrap-table/extensions/group-by-v2/bootstrap-table-group-by.min.js HTTP/1.1" 304 0
[14/Aug/2024 05:46:54] "GET /static/bootstrap-table/bootstrap-table.min.js HTTP/1.1" 304 0
[14/Aug/2024 05:46:54] "GET /static/bootstrap-table/extensions/filter-control/bootstrap-table-filter-control.min.js HTTP/1.1" 304 0
[14/Aug/2024 05:46:54] "GET /static/bootstrap-table/extensions/treegrid/bootstrap-table-treegrid.min.js HTTP/1.1" 304 0
[14/Aug/2024 05:46:54] "GET /static/bootstrap-table/extensions/custom-view/bootstrap-table-custom-view.min.js HTTP/1.1" 304 0
[14/Aug/2024 05:46:54] "GET /static/fontawesome/js/solid.min.js HTTP/1.1" 304 0
[14/Aug/2024 05:46:54] "GET /static/fontawesome/js/regular.min.js HTTP/1.1" 304 0
[14/Aug/2024 05:46:54] "GET /static/fontawesome/js/brands.min.js HTTP/1.1" 304 0
[14/Aug/2024 05:46:54] "GET /static/fontawesome/js/fontawesome.min.js HTTP/1.1" 304 0
[14/Aug/2024 05:46:54] "GET /static/fullcalendar/main.min.js HTTP/1.1" 304 0
[14/Aug/2024 05:46:54] "GET /static/fullcalendar/locales-all.min.js HTTP/1.1" 304 0
[14/Aug/2024 05:46:54] "GET /static/select2/js/select2.full.min.js HTTP/1.1" 304 0
[14/Aug/2024 05:46:54] "GET /static/script/moment.js HTTP/1.1" 304 0
[14/Aug/2024 05:46:54] "GET /static/script/chart.js HTTP/1.1" 304 0
[14/Aug/2024 05:46:54] "GET /static/script/chartjs-adapter-moment.js HTTP/1.1" 304 0
[14/Aug/2024 05:46:54] "GET /static/script/clipboard.min.js HTTP/1.1" 304 0
[14/Aug/2024 05:46:54] "GET /static/easymde/easymde.min.js HTTP/1.1" 304 0
[14/Aug/2024 05:46:54] "GET /static/script/randomColor.min.js HTTP/1.1" 304 0
[14/Aug/2024 05:46:54] "GET /static/script/html5-qrcode.min.js HTTP/1.1" 304 0
[14/Aug/2024 05:46:54] "GET /static/script/qrcode.min.js HTTP/1.1" 304 0
[14/Aug/2024 05:46:55] "GET /static/script/inventree/message.js HTTP/1.1" 304 0
[14/Aug/2024 05:46:55] "GET /static/script/inventree/inventree.js HTTP/1.1" 304 0
[14/Aug/2024 05:46:55] "GET /js/dynamic/calendar.js HTTP/1.1" 200 1341
[14/Aug/2024 05:46:55] "GET /js/dynamic/nav.js HTTP/1.1" 200 8934
[14/Aug/2024 05:46:55] "GET /js/dynamic/permissions.js HTTP/1.1" 200 1202
[14/Aug/2024 05:46:55] "GET /js/dynamic/settings.js HTTP/1.1" 200 11287
[14/Aug/2024 05:46:55] "GET /js/i18n/api.js HTTP/1.1" 200 7474
[14/Aug/2024 05:46:55] "GET /js/i18n/barcode.js HTTP/1.1" 200 25285
[14/Aug/2024 05:46:55] "GET /js/i18n/attachment.js HTTP/1.1" 200 10543
[14/Aug/2024 05:46:55] "GET /js/i18n/bom.js HTTP/1.1" 200 48299
[14/Aug/2024 05:46:55] "GET /js/i18n/build.js HTTP/1.1" 200 85131
[14/Aug/2024 05:46:55] "GET /js/i18n/charts.js HTTP/1.1" 200 1362
[14/Aug/2024 05:46:55] "GET /js/i18n/company.js HTTP/1.1" 200 49860
[14/Aug/2024 05:46:55] "GET /js/i18n/forms.js HTTP/1.1" 200 88268
[14/Aug/2024 05:46:55] "GET /js/i18n/helpers.js HTTP/1.1" 200 13979
[14/Aug/2024 05:46:55] "GET /js/i18n/filters.js HTTP/1.1" 200 19076
[14/Aug/2024 05:46:55] "GET /js/i18n/index.js HTTP/1.1" 200 3517
[14/Aug/2024 05:46:55] "GET /js/i18n/label.js HTTP/1.1" 200 6122
[14/Aug/2024 05:46:55] "GET /js/i18n/modals.js HTTP/1.1" 200 35708
[14/Aug/2024 05:46:55] "GET /js/i18n/model_renderers.js HTTP/1.1" 200 13696
[14/Aug/2024 05:46:55] "GET /js/i18n/order.js HTTP/1.1" 200 10032
[14/Aug/2024 05:46:55] "GET /js/i18n/part.js HTTP/1.1" 200 98572
[14/Aug/2024 05:46:55] "GET /js/i18n/purchase_order.js HTTP/1.1" 200 69557
[14/Aug/2024 05:46:55] "GET /js/i18n/return_order.js HTTP/1.1" 200 22378
[14/Aug/2024 05:46:55] "GET /js/i18n/report.js HTTP/1.1" 200 3743
[14/Aug/2024 05:46:56] "GET /js/i18n/sales_order.js HTTP/1.1" 200 68224
[14/Aug/2024 05:46:56] "GET /js/i18n/search.js HTTP/1.1" 200 10903
[14/Aug/2024 05:46:56] "GET /js/i18n/status_codes.js HTTP/1.1" 200 10398
[14/Aug/2024 05:46:56] "GET /js/i18n/stock.js HTTP/1.1" 200 96767
[14/Aug/2024 05:46:56] "GET /js/i18n/news.js HTTP/1.1" 200 2115
[14/Aug/2024 05:46:56] "GET /js/i18n/plugin.js HTTP/1.1" 200 8125
[14/Aug/2024 05:46:56] "GET /js/i18n/tables.js HTTP/1.1" 200 17163
[14/Aug/2024 05:46:56] "GET /js/i18n/pricing.js HTTP/1.1" 200 31616
[14/Aug/2024 05:46:56] "GET /js/i18n/table_filters.js HTTP/1.1" 200 22482
[14/Aug/2024 05:46:56] "GET /js/i18n/notification.js HTTP/1.1" 200 9030
[14/Aug/2024 05:46:56] "GET /api/user/roles/ HTTP/1.1" 200 527
[14/Aug/2024 05:46:56] "GET /api/currency/exchange/ HTTP/1.1" 200 58
[14/Aug/2024 05:46:57] "GET /api/notifications/?read=false HTTP/1.1" 200 2
[14/Aug/2024 05:46:57] "GET /api/part/category/tree/ HTTP/1.1" 200 21555
[14/Aug/2024 05:46:57] "GET /api/stock/?search=&offset=0&limit=25&cascade=1&in_stock=1&part=12124&location_detail=true&part_detail=true&supplier_part_detail=true HTTP/1.1" 200 52
[14/Aug/2024 05:47:00] "GET /api/company/part/?search=&offset=0&limit=25&part=12124&part_detail=true&supplier_detail=true&manufacturer_detail=true HTTP/1.1" 200 52
[14/Aug/2024 05:47:00] "GET /api/company/part/manufacturer/?search=&offset=0&limit=25&part=12124&part_detail=true&manufacturer_detail=true HTTP/1.1" 200 52
[14/Aug/2024 05:47:11] "GET /api/part/?search=&offset=1750&limit=25&category=null&category_detail=true HTTP/1.1" 200 36460
Not Found: /media/part_images/images__1.thumbnail.png
Not Found: /media/part_images/images__1.thumbnail.png
Not Found: /media/part_images/d19ca410-8de9-45f1-a589-c097ae8b6f5e.png_366xaf.thumbnail.png
Not Found: /media/part_images/d19ca410-8de9-45f1-a589-c097ae8b6f5e.png_366xaf.thumbnail.png
[14/Aug/2024 05:47:11] "GET /media/part_images/images__1.thumbnail.png HTTP/1.1" 404 6844
[14/Aug/2024 05:47:11] "GET /media/part_images/d19ca410-8de9-45f1-a589-c097ae8b6f5e.png_366xaf.thumbnail.png HTTP/1.1" 404 6996
[14/Aug/2024 05:47:19] "OPTIONS /api/part/?context=true HTTP/1.1" 200 10900
[14/Aug/2024 05:47:21] "GET /api/part/category/?structural=false&offset=0&limit=25 HTTP/1.1" 200 7966
[14/Aug/2024 05:47:29] "GET /api/company/?is_manufacturer=true&offset=0&limit=25 HTTP/1.1" 200 17956
[14/Aug/2024 05:47:29] "GET /static/img/blank_image.png HTTP/1.1" 304 0
[14/Aug/2024 05:47:32] "GET /api/company/?is_manufacturer=true&offset=0&limit=25 HTTP/1.1" 200 17956
[14/Aug/2024 05:47:34] "GET /api/notifications/?read=false HTTP/1.1" 200 2
[14/Aug/2024 05:47:40] "POST /api/part/ HTTP/1.1" 201 844
[14/Aug/2024 05:47:40] "GET /part/12125/ HTTP/1.1" 200 69534
[14/Aug/2024 05:47:40] "GET /static/bootstrap-table/extensions/group-by-v2/bootstrap-table-group-by.min.css HTTP/1.1" 304 0
[14/Aug/2024 05:47:40] "GET /static/bootstrap/css/bootstrap.min.css HTTP/1.1" 304 0
[14/Aug/2024 05:47:40] "GET /static/bootstrap-table/bootstrap-table.min.css HTTP/1.1" 304 0
[14/Aug/2024 05:47:41] "GET /static/bootstrap-table/extensions/filter-control/bootstrap-table-filter-control.css HTTP/1.1" 304 0
[14/Aug/2024 05:47:41] "GET /static/fontawesome/css/brands.min.css HTTP/1.1" 304 0
[14/Aug/2024 05:47:41] "GET /static/treegrid/css/jquery.treegrid.css HTTP/1.1" 304 0
[14/Aug/2024 05:47:41] "GET /static/fontawesome/css/solid.min.css HTTP/1.1" 304 0
[14/Aug/2024 05:47:41] "GET /static/fullcalendar/main.min.css HTTP/1.1" 304 0
[14/Aug/2024 05:47:41] "GET /static/select2/css/select2-bootstrap-5-theme.css HTTP/1.1" 304 0
[14/Aug/2024 05:47:41] "GET /static/select2/css/select2.min.css HTTP/1.1" 304 0
[14/Aug/2024 05:47:41] "GET /static/script/jquery-ui/jquery-ui.min.css HTTP/1.1" 304 0
[14/Aug/2024 05:47:41] "GET /static/css/color-themes/default.css HTTP/1.1" 304 0
[14/Aug/2024 05:47:41] "GET /static/css/inventree.css HTTP/1.1" 304 0
[14/Aug/2024 05:47:41] "GET /static/easymde/easymde.min.css HTTP/1.1" 304 0
[14/Aug/2024 05:47:41] "GET /static/script/jquery_3.3.1_jquery.min.js HTTP/1.1" 304 0
[14/Aug/2024 05:47:41] "GET /static/script/jquery-ui/jquery-ui.min.js HTTP/1.1" 304 0
[14/Aug/2024 05:47:41] "GET /static/bootstrap/js/bootstrap.bundle.min.js HTTP/1.1" 304 0
[14/Aug/2024 05:47:41] "GET /static/script/jquery.form.min.js HTTP/1.1" 304 0
[14/Aug/2024 05:47:41] "GET /static/img/blank_image.png HTTP/1.1" 304 0
[14/Aug/2024 05:47:42] "GET /static/script/bootstrap/bootstrap-treeview.js HTTP/1.1" 304 0
[14/Aug/2024 05:47:42] "GET /static/img/inventree.png HTTP/1.1" 304 0
[14/Aug/2024 05:47:42] "GET /static/treegrid/js/jquery.treegrid.js HTTP/1.1" 304 0
[14/Aug/2024 05:47:42] "GET /static/treegrid/js/jquery.treegrid.bootstrap3.js HTTP/1.1" 304 0
[14/Aug/2024 05:47:42] "GET /static/bootstrap-table/extensions/group-by-v2/bootstrap-table-group-by.min.js HTTP/1.1" 304 0
[14/Aug/2024 05:47:42] "GET /static/bootstrap-table/bootstrap-table.min.js HTTP/1.1" 304 0
[14/Aug/2024 05:47:42] "GET /static/bootstrap-table/extensions/filter-control/bootstrap-table-filter-control.min.js HTTP/1.1" 304 0
[14/Aug/2024 05:47:42] "GET /static/bootstrap-table/extensions/treegrid/bootstrap-table-treegrid.min.js HTTP/1.1" 304 0
[14/Aug/2024 05:47:42] "GET /static/fontawesome/js/solid.min.js HTTP/1.1" 304 0
[14/Aug/2024 05:47:42] "GET /static/bootstrap-table/extensions/custom-view/bootstrap-table-custom-view.min.js HTTP/1.1" 304 0
[14/Aug/2024 05:47:42] "GET /static/fontawesome/js/regular.min.js HTTP/1.1" 304 0
[14/Aug/2024 05:47:42] "GET /static/fontawesome/js/brands.min.js HTTP/1.1" 304 0
[14/Aug/2024 05:47:42] "GET /static/fontawesome/js/fontawesome.min.js HTTP/1.1" 304 0
[14/Aug/2024 05:47:42] "GET /static/fullcalendar/main.min.js HTTP/1.1" 304 0
[14/Aug/2024 05:47:42] "GET /static/fullcalendar/locales-all.min.js HTTP/1.1" 304 0
[14/Aug/2024 05:47:42] "GET /static/select2/js/select2.full.min.js HTTP/1.1" 304 0
[14/Aug/2024 05:47:42] "GET /static/script/moment.js HTTP/1.1" 304 0
[14/Aug/2024 05:47:42] "GET /static/script/chart.js HTTP/1.1" 304 0
[14/Aug/2024 05:47:42] "GET /static/script/chartjs-adapter-moment.js HTTP/1.1" 304 0
[14/Aug/2024 05:47:42] "GET /static/script/clipboard.min.js HTTP/1.1" 304 0
[14/Aug/2024 05:47:43] "GET /static/easymde/easymde.min.js HTTP/1.1" 304 0
[14/Aug/2024 05:47:43] "GET /static/script/randomColor.min.js HTTP/1.1" 304 0
[14/Aug/2024 05:47:43] "GET /static/script/html5-qrcode.min.js HTTP/1.1" 304 0
[14/Aug/2024 05:47:43] "GET /static/script/qrcode.min.js HTTP/1.1" 304 0
[14/Aug/2024 05:47:43] "GET /static/script/inventree/inventree.js HTTP/1.1" 304 0
[14/Aug/2024 05:47:43] "GET /static/script/inventree/message.js HTTP/1.1" 304 0
[14/Aug/2024 05:47:43] "GET /js/dynamic/calendar.js HTTP/1.1" 200 1341
[14/Aug/2024 05:47:43] "GET /js/dynamic/nav.js HTTP/1.1" 200 8934
[14/Aug/2024 05:47:43] "GET /js/dynamic/permissions.js HTTP/1.1" 200 1202
[14/Aug/2024 05:47:43] "GET /js/dynamic/settings.js HTTP/1.1" 200 11287
[14/Aug/2024 05:47:43] "GET /js/i18n/api.js HTTP/1.1" 200 7474
[14/Aug/2024 05:47:43] "GET /js/i18n/attachment.js HTTP/1.1" 200 10543
[14/Aug/2024 05:47:43] "GET /js/i18n/barcode.js HTTP/1.1" 200 25285
[14/Aug/2024 05:47:43] "GET /js/i18n/bom.js HTTP/1.1" 200 48299
[14/Aug/2024 05:47:43] "GET /js/i18n/build.js HTTP/1.1" 200 85131
[14/Aug/2024 05:47:43] "GET /js/i18n/charts.js HTTP/1.1" 200 1362
[14/Aug/2024 05:47:44] "GET /js/i18n/company.js HTTP/1.1" 200 49860
[14/Aug/2024 05:47:44] "GET /js/i18n/helpers.js HTTP/1.1" 200 13979
[14/Aug/2024 05:47:44] "GET /js/i18n/forms.js HTTP/1.1" 200 88268
[14/Aug/2024 05:47:44] "GET /js/i18n/filters.js HTTP/1.1" 200 19076
[14/Aug/2024 05:47:44] "GET /js/i18n/index.js HTTP/1.1" 200 3517
[14/Aug/2024 05:47:44] "GET /js/i18n/label.js HTTP/1.1" 200 6122
[14/Aug/2024 05:47:44] "GET /js/i18n/modals.js HTTP/1.1" 200 35708
[14/Aug/2024 05:47:44] "GET /js/i18n/model_renderers.js HTTP/1.1" 200 13696
[14/Aug/2024 05:47:44] "GET /js/i18n/order.js HTTP/1.1" 200 10032
[14/Aug/2024 05:47:44] "GET /js/i18n/part.js HTTP/1.1" 200 98572
[14/Aug/2024 05:47:44] "GET /js/i18n/purchase_order.js HTTP/1.1" 200 69557
[14/Aug/2024 05:47:44] "GET /js/i18n/return_order.js HTTP/1.1" 200 22378
[14/Aug/2024 05:47:44] "GET /js/i18n/report.js HTTP/1.1" 200 3743
[14/Aug/2024 05:47:44] "GET /js/i18n/sales_order.js HTTP/1.1" 200 68224
[14/Aug/2024 05:47:44] "GET /js/i18n/search.js HTTP/1.1" 200 10903
[14/Aug/2024 05:47:44] "GET /js/i18n/status_codes.js HTTP/1.1" 200 10398
[14/Aug/2024 05:47:45] "GET /js/i18n/stock.js HTTP/1.1" 200 96767
[14/Aug/2024 05:47:45] "GET /js/i18n/pricing.js HTTP/1.1" 200 31616
[14/Aug/2024 05:47:45] "GET /js/i18n/news.js HTTP/1.1" 200 2115
[14/Aug/2024 05:47:45] "GET /js/i18n/plugin.js HTTP/1.1" 200 8125
[14/Aug/2024 05:47:45] "GET /js/i18n/tables.js HTTP/1.1" 200 17163
[14/Aug/2024 05:47:45] "GET /js/i18n/table_filters.js HTTP/1.1" 200 22482
[14/Aug/2024 05:47:45] "GET /js/i18n/notification.js HTTP/1.1" 200 9030
[14/Aug/2024 05:47:45] "GET /api/user/roles/ HTTP/1.1" 200 527
[14/Aug/2024 05:47:45] "GET /api/company/part/?search=&offset=0&limit=25&part=12125&part_detail=true&supplier_detail=true&manufacturer_detail=true HTTP/1.1" 200 52
[14/Aug/2024 05:47:45] "GET /api/notifications/?read=false HTTP/1.1" 200 2
[14/Aug/2024 05:47:45] "GET /api/part/category/tree/ HTTP/1.1" 200 21555
[14/Aug/2024 05:47:45] "GET /api/company/part/manufacturer/?search=&offset=0&limit=25&part=12125&part_detail=true&manufacturer_detail=true HTTP/1.1" 200 1169
[14/Aug/2024 05:47:45] "GET /static/img/blank_image.thumbnail.png HTTP/1.1" 304 0
[14/Aug/2024 05:47:49] "GET /part/ HTTP/1.1" 200 27271
[14/Aug/2024 05:47:49] "GET /static/bootstrap-table/extensions/group-by-v2/bootstrap-table-group-by.min.css HTTP/1.1" 304 0
[14/Aug/2024 05:47:49] "GET /static/bootstrap-table/bootstrap-table.min.css HTTP/1.1" 304 0
[14/Aug/2024 05:47:49] "GET /static/bootstrap/css/bootstrap.min.css HTTP/1.1" 304 0
[14/Aug/2024 05:47:49] "GET /static/bootstrap-table/extensions/filter-control/bootstrap-table-filter-control.css HTTP/1.1" 304 0
[14/Aug/2024 05:47:49] "GET /static/treegrid/css/jquery.treegrid.css HTTP/1.1" 304 0
[14/Aug/2024 05:47:50] "GET /static/fontawesome/css/brands.min.css HTTP/1.1" 304 0
[14/Aug/2024 05:47:50] "GET /static/fontawesome/css/solid.min.css HTTP/1.1" 304 0
[14/Aug/2024 05:47:50] "GET /static/select2/css/select2.min.css HTTP/1.1" 304 0
[14/Aug/2024 05:47:50] "GET /static/select2/css/select2-bootstrap-5-theme.css HTTP/1.1" 304 0
[14/Aug/2024 05:47:50] "GET /static/fullcalendar/main.min.css HTTP/1.1" 304 0
[14/Aug/2024 05:47:50] "GET /static/script/jquery-ui/jquery-ui.min.css HTTP/1.1" 304 0
[14/Aug/2024 05:47:50] "GET /static/easymde/easymde.min.css HTTP/1.1" 304 0
[14/Aug/2024 05:47:50] "GET /static/css/inventree.css HTTP/1.1" 304 0
[14/Aug/2024 05:47:50] "GET /static/css/color-themes/default.css HTTP/1.1" 304 0
[14/Aug/2024 05:47:50] "GET /static/script/jquery_3.3.1_jquery.min.js HTTP/1.1" 304 0
[14/Aug/2024 05:47:50] "GET /static/script/jquery.form.min.js HTTP/1.1" 304 0
[14/Aug/2024 05:47:50] "GET /static/script/jquery-ui/jquery-ui.min.js HTTP/1.1" 304 0
[14/Aug/2024 05:47:50] "GET /static/bootstrap/js/bootstrap.bundle.min.js HTTP/1.1" 304 0
[14/Aug/2024 05:47:50] "GET /static/img/inventree.png HTTP/1.1" 304 0
[14/Aug/2024 05:47:50] "GET /static/script/bootstrap/bootstrap-treeview.js HTTP/1.1" 304 0
[14/Aug/2024 05:47:50] "GET /static/treegrid/js/jquery.treegrid.js HTTP/1.1" 304 0
[14/Aug/2024 05:47:50] "GET /static/treegrid/js/jquery.treegrid.bootstrap3.js HTTP/1.1" 304 0
[14/Aug/2024 05:47:50] "GET /static/bootstrap-table/bootstrap-table.min.js HTTP/1.1" 304 0
[14/Aug/2024 05:47:50] "GET /static/bootstrap-table/extensions/group-by-v2/bootstrap-table-group-by.min.js HTTP/1.1" 304 0
[14/Aug/2024 05:47:51] "GET /static/bootstrap-table/extensions/treegrid/bootstrap-table-treegrid.min.js HTTP/1.1" 304 0
[14/Aug/2024 05:47:51] "GET /static/bootstrap-table/extensions/filter-control/bootstrap-table-filter-control.min.js HTTP/1.1" 304 0
[14/Aug/2024 05:47:51] "GET /static/bootstrap-table/extensions/custom-view/bootstrap-table-custom-view.min.js HTTP/1.1" 304 0
[14/Aug/2024 05:47:51] "GET /static/fontawesome/js/solid.min.js HTTP/1.1" 304 0
[14/Aug/2024 05:47:51] "GET /static/fontawesome/js/brands.min.js HTTP/1.1" 304 0
[14/Aug/2024 05:47:51] "GET /static/fontawesome/js/regular.min.js HTTP/1.1" 304 0
[14/Aug/2024 05:47:51] "GET /static/fontawesome/js/fontawesome.min.js HTTP/1.1" 304 0
[14/Aug/2024 05:47:51] "GET /static/fullcalendar/main.min.js HTTP/1.1" 304 0
[14/Aug/2024 05:47:51] "GET /static/select2/js/select2.full.min.js HTTP/1.1" 304 0
[14/Aug/2024 05:47:51] "GET /static/fullcalendar/locales-all.min.js HTTP/1.1" 304 0
[14/Aug/2024 05:47:51] "GET /static/script/moment.js HTTP/1.1" 304 0
[14/Aug/2024 05:47:51] "GET /static/script/chart.js HTTP/1.1" 304 0
[14/Aug/2024 05:47:51] "GET /static/script/clipboard.min.js HTTP/1.1" 304 0
[14/Aug/2024 05:47:51] "GET /static/script/chartjs-adapter-moment.js HTTP/1.1" 304 0
[14/Aug/2024 05:47:51] "GET /static/easymde/easymde.min.js HTTP/1.1" 304 0
[14/Aug/2024 05:47:51] "GET /static/script/randomColor.min.js HTTP/1.1" 304 0
[14/Aug/2024 05:47:51] "GET /static/script/qrcode.min.js HTTP/1.1" 304 0
[14/Aug/2024 05:47:51] "GET /static/script/html5-qrcode.min.js HTTP/1.1" 304 0
[14/Aug/2024 05:47:51] "GET /static/script/inventree/inventree.js HTTP/1.1" 304 0
[14/Aug/2024 05:47:51] "GET /static/script/inventree/message.js HTTP/1.1" 304 0
[14/Aug/2024 05:47:52] "GET /js/dynamic/nav.js HTTP/1.1" 200 8934
[14/Aug/2024 05:47:52] "GET /js/dynamic/calendar.js HTTP/1.1" 200 1341
[14/Aug/2024 05:47:52] "GET /js/dynamic/permissions.js HTTP/1.1" 200 1202
[14/Aug/2024 05:47:52] "GET /js/dynamic/settings.js HTTP/1.1" 200 11287
[14/Aug/2024 05:47:52] "GET /js/i18n/attachment.js HTTP/1.1" 200 10543
[14/Aug/2024 05:47:52] "GET /js/i18n/api.js HTTP/1.1" 200 7474
[14/Aug/2024 05:47:52] "GET /js/i18n/barcode.js HTTP/1.1" 200 25285
[14/Aug/2024 05:47:52] "GET /js/i18n/bom.js HTTP/1.1" 200 48299
[14/Aug/2024 05:47:52] "GET /js/i18n/build.js HTTP/1.1" 200 85131
[14/Aug/2024 05:47:52] "GET /js/i18n/charts.js HTTP/1.1" 200 1362
[14/Aug/2024 05:47:52] "GET /js/i18n/company.js HTTP/1.1" 200 49860
[14/Aug/2024 05:47:52] "GET /js/i18n/filters.js HTTP/1.1" 200 19076
[14/Aug/2024 05:47:52] "GET /js/i18n/forms.js HTTP/1.1" 200 88268
[14/Aug/2024 05:47:52] "GET /js/i18n/helpers.js HTTP/1.1" 200 13979
[14/Aug/2024 05:47:52] "GET /js/i18n/index.js HTTP/1.1" 200 3517
[14/Aug/2024 05:47:52] "GET /js/i18n/label.js HTTP/1.1" 200 6122
[14/Aug/2024 05:47:52] "GET /js/i18n/modals.js HTTP/1.1" 200 35708
[14/Aug/2024 05:47:52] "GET /js/i18n/model_renderers.js HTTP/1.1" 200 13696
[14/Aug/2024 05:47:52] "GET /js/i18n/order.js HTTP/1.1" 200 10032
[14/Aug/2024 05:47:52] "GET /js/i18n/part.js HTTP/1.1" 200 98572
[14/Aug/2024 05:47:53] "GET /js/i18n/purchase_order.js HTTP/1.1" 200 69557
[14/Aug/2024 05:47:53] "GET /js/i18n/return_order.js HTTP/1.1" 200 22378
[14/Aug/2024 05:47:53] "GET /js/i18n/report.js HTTP/1.1" 200 3743
[14/Aug/2024 05:47:53] "GET /js/i18n/sales_order.js HTTP/1.1" 200 68224
[14/Aug/2024 05:47:53] "GET /js/i18n/search.js HTTP/1.1" 200 10903
[14/Aug/2024 05:47:53] "GET /js/i18n/status_codes.js HTTP/1.1" 200 10398
[14/Aug/2024 05:47:53] "GET /js/i18n/stock.js HTTP/1.1" 200 96767
[14/Aug/2024 05:47:53] "GET /js/i18n/plugin.js HTTP/1.1" 200 8125
[14/Aug/2024 05:47:53] "GET /js/i18n/pricing.js HTTP/1.1" 200 31616
[14/Aug/2024 05:47:53] "GET /js/i18n/news.js HTTP/1.1" 200 2115
[14/Aug/2024 05:47:53] "GET /js/i18n/tables.js HTTP/1.1" 200 17163
[14/Aug/2024 05:47:53] "GET /js/i18n/table_filters.js HTTP/1.1" 200 22482
[14/Aug/2024 05:47:53] "GET /js/i18n/notification.js HTTP/1.1" 200 9030
[14/Aug/2024 05:47:53] "GET /api/user/roles/ HTTP/1.1" 200 527
[14/Aug/2024 05:47:53] "GET /api/part/category/tree/ HTTP/1.1" 200 21555
[14/Aug/2024 05:47:54] "GET /api/notifications/?read=false HTTP/1.1" 200 2
[14/Aug/2024 05:47:54] "GET /api/part/?search=&offset=0&limit=25&category=null&category_detail=true HTTP/1.1" 200 42215
[14/Aug/2024 05:47:54] "GET /static/img/blank_image.thumbnail.png HTTP/1.1" 304 0
[14/Aug/2024 05:47:55] "GET /api/part/?search=&offset=1750&limit=25&category=null&category_detail=true HTTP/1.1" 200 37895
Not Found: /media/part_images/d19ca410-8de9-45f1-a589-c097ae8b6f5e.png_366xaf.thumbnail.png
Not Found: /media/part_images/d19ca410-8de9-45f1-a589-c097ae8b6f5e.png_366xaf.thumbnail.png
[14/Aug/2024 05:47:55] "GET /media/part_images/d19ca410-8de9-45f1-a589-c097ae8b6f5e.png_366xaf.thumbnail.png HTTP/1.1" 404 6996
Not Found: /media/part_images/images__1.thumbnail.png
Not Found: /media/part_images/images__1.thumbnail.png
[14/Aug/2024 05:47:55] "GET /media/part_images/images__1.thumbnail.png HTTP/1.1" 404 6844
[14/Aug/2024 05:48:02] "OPTIONS /api/part/?context=true HTTP/1.1" 200 10900
[14/Aug/2024 06:00:39] "GET / HTTP/1.1" 302 0
[14/Aug/2024 06:04:24] "GET /part/ HTTP/1.1" 200 27271
[14/Aug/2024 06:04:24] "GET /static/bootstrap/css/bootstrap.min.css HTTP/1.1" 304 0
[14/Aug/2024 06:04:24] "GET /static/bootstrap-table/extensions/filter-control/bootstrap-table-filter-control.css HTTP/1.1" 304 0
[14/Aug/2024 06:04:24] "GET /static/bootstrap-table/bootstrap-table.min.css HTTP/1.1" 304 0
[14/Aug/2024 06:04:24] "GET /static/bootstrap-table/extensions/group-by-v2/bootstrap-table-group-by.min.css HTTP/1.1" 304 0
[14/Aug/2024 06:04:24] "GET /static/treegrid/css/jquery.treegrid.css HTTP/1.1" 304 0
[14/Aug/2024 06:04:24] "GET /static/fontawesome/css/solid.min.css HTTP/1.1" 304 0
[14/Aug/2024 06:04:24] "GET /static/fontawesome/css/brands.min.css HTTP/1.1" 304 0
[14/Aug/2024 06:04:24] "GET /static/select2/css/select2.min.css HTTP/1.1" 304 0
[14/Aug/2024 06:04:24] "GET /static/select2/css/select2-bootstrap-5-theme.css HTTP/1.1" 304 0
[14/Aug/2024 06:04:24] "GET /static/easymde/easymde.min.css HTTP/1.1" 304 0
[14/Aug/2024 06:04:24] "GET /static/fullcalendar/main.min.css HTTP/1.1" 304 0
[14/Aug/2024 06:04:24] "GET /static/script/jquery-ui/jquery-ui.min.css HTTP/1.1" 304 0
[14/Aug/2024 06:04:24] "GET /static/css/inventree.css HTTP/1.1" 304 0
[14/Aug/2024 06:04:24] "GET /static/css/color-themes/default.css HTTP/1.1" 304 0
[14/Aug/2024 06:04:24] "GET /static/script/jquery.form.min.js HTTP/1.1" 304 0
[14/Aug/2024 06:04:24] "GET /static/script/jquery_3.3.1_jquery.min.js HTTP/1.1" 304 0
[14/Aug/2024 06:04:25] "GET /static/bootstrap/js/bootstrap.bundle.min.js HTTP/1.1" 304 0
[14/Aug/2024 06:04:25] "GET /static/script/jquery-ui/jquery-ui.min.js HTTP/1.1" 304 0
[14/Aug/2024 06:04:25] "GET /static/img/inventree.png HTTP/1.1" 304 0
[14/Aug/2024 06:04:25] "GET /static/script/bootstrap/bootstrap-treeview.js HTTP/1.1" 304 0
[14/Aug/2024 06:04:25] "GET /static/treegrid/js/jquery.treegrid.js HTTP/1.1" 304 0
[14/Aug/2024 06:04:25] "GET /static/fontawesome/webfonts/fa-solid-900.woff2 HTTP/1.1" 304 0
[14/Aug/2024 06:04:25] "GET /static/treegrid/js/jquery.treegrid.bootstrap3.js HTTP/1.1" 304 0
[14/Aug/2024 06:04:25] "GET /static/bootstrap-table/bootstrap-table.min.js HTTP/1.1" 304 0
[14/Aug/2024 06:04:25] "GET /static/bootstrap-table/extensions/group-by-v2/bootstrap-table-group-by.min.js HTTP/1.1" 304 0
[14/Aug/2024 06:04:25] "GET /static/bootstrap-table/extensions/filter-control/bootstrap-table-filter-control.min.js HTTP/1.1" 304 0
[14/Aug/2024 06:04:25] "GET /static/bootstrap-table/extensions/treegrid/bootstrap-table-treegrid.min.js HTTP/1.1" 304 0
[14/Aug/2024 06:04:25] "GET /static/bootstrap-table/extensions/custom-view/bootstrap-table-custom-view.min.js HTTP/1.1" 304 0
[14/Aug/2024 06:04:25] "GET /static/fontawesome/js/solid.min.js HTTP/1.1" 304 0
[14/Aug/2024 06:04:25] "GET /static/fontawesome/js/brands.min.js HTTP/1.1" 304 0
[14/Aug/2024 06:04:25] "GET /static/fontawesome/js/regular.min.js HTTP/1.1" 304 0
[14/Aug/2024 06:04:25] "GET /static/fontawesome/js/fontawesome.min.js HTTP/1.1" 304 0
[14/Aug/2024 06:04:25] "GET /static/fullcalendar/main.min.js HTTP/1.1" 304 0
[14/Aug/2024 06:04:25] "GET /static/fullcalendar/locales-all.min.js HTTP/1.1" 304 0
[14/Aug/2024 06:04:25] "GET /static/select2/js/select2.full.min.js HTTP/1.1" 304 0
[14/Aug/2024 06:04:25] "GET /static/script/moment.js HTTP/1.1" 304 0
[14/Aug/2024 06:04:26] "GET /static/script/chart.js HTTP/1.1" 304 0
[14/Aug/2024 06:04:26] "GET /static/script/chartjs-adapter-moment.js HTTP/1.1" 304 0
[14/Aug/2024 06:04:26] "GET /static/script/clipboard.min.js HTTP/1.1" 304 0
[14/Aug/2024 06:04:26] "GET /static/script/randomColor.min.js HTTP/1.1" 304 0
[14/Aug/2024 06:04:26] "GET /static/easymde/easymde.min.js HTTP/1.1" 304 0
[14/Aug/2024 06:04:26] "GET /static/script/html5-qrcode.min.js HTTP/1.1" 304 0
[14/Aug/2024 06:04:26] "GET /static/script/inventree/inventree.js HTTP/1.1" 304 0
[14/Aug/2024 06:04:26] "GET /static/script/qrcode.min.js HTTP/1.1" 304 0
[14/Aug/2024 06:04:26] "GET /static/script/inventree/message.js HTTP/1.1" 304 0
[14/Aug/2024 06:04:26] "GET /js/dynamic/calendar.js HTTP/1.1" 200 1341
[14/Aug/2024 06:04:26] "GET /js/dynamic/nav.js HTTP/1.1" 200 8934
[14/Aug/2024 06:04:26] "GET /js/dynamic/permissions.js HTTP/1.1" 200 1202
[14/Aug/2024 06:04:26] "GET /js/i18n/attachment.js HTTP/1.1" 200 10543
[14/Aug/2024 06:04:26] "GET /js/i18n/api.js HTTP/1.1" 200 7474
[14/Aug/2024 06:04:26] "GET /js/dynamic/settings.js HTTP/1.1" 200 11287
[14/Aug/2024 06:04:26] "GET /js/i18n/barcode.js HTTP/1.1" 200 25285
[14/Aug/2024 06:04:26] "GET /js/i18n/bom.js HTTP/1.1" 200 48299
[14/Aug/2024 06:04:26] "GET /js/i18n/charts.js HTTP/1.1" 200 1362
[14/Aug/2024 06:04:26] "GET /js/i18n/company.js HTTP/1.1" 200 49860
[14/Aug/2024 06:04:26] "GET /js/i18n/filters.js HTTP/1.1" 200 19076
[14/Aug/2024 06:04:26] "GET /js/i18n/build.js HTTP/1.1" 200 85131
[14/Aug/2024 06:04:26] "GET /js/i18n/forms.js HTTP/1.1" 200 88268
[14/Aug/2024 06:04:26] "GET /js/i18n/helpers.js HTTP/1.1" 200 13979
[14/Aug/2024 06:04:26] "GET /js/i18n/label.js HTTP/1.1" 200 6122
[14/Aug/2024 06:04:26] "GET /js/i18n/index.js HTTP/1.1" 200 3517
[14/Aug/2024 06:04:27] "GET /js/i18n/modals.js HTTP/1.1" 200 35708
[14/Aug/2024 06:04:27] "GET /js/i18n/model_renderers.js HTTP/1.1" 200 13696
[14/Aug/2024 06:04:27] "GET /js/i18n/order.js HTTP/1.1" 200 10032
[14/Aug/2024 06:04:27] "GET /js/i18n/part.js HTTP/1.1" 200 98572
[14/Aug/2024 06:04:27] "GET /js/i18n/purchase_order.js HTTP/1.1" 200 69557
[14/Aug/2024 06:04:27] "GET /js/i18n/return_order.js HTTP/1.1" 200 22378
[14/Aug/2024 06:04:27] "GET /js/i18n/report.js HTTP/1.1" 200 3743
[14/Aug/2024 06:04:27] "GET /js/i18n/search.js HTTP/1.1" 200 10903
[14/Aug/2024 06:04:27] "GET /js/i18n/sales_order.js HTTP/1.1" 200 68224
[14/Aug/2024 06:04:27] "GET /js/i18n/status_codes.js HTTP/1.1" 200 10398
[14/Aug/2024 06:04:27] "GET /js/i18n/stock.js HTTP/1.1" 200 96767
[14/Aug/2024 06:04:27] "GET /js/i18n/plugin.js HTTP/1.1" 200 8125
[14/Aug/2024 06:04:27] "GET /js/i18n/pricing.js HTTP/1.1" 200 31616
[14/Aug/2024 06:04:27] "GET /js/i18n/tables.js HTTP/1.1" 200 17163
[14/Aug/2024 06:04:27] "GET /js/i18n/table_filters.js HTTP/1.1" 200 22482
[14/Aug/2024 06:04:27] "GET /js/i18n/news.js HTTP/1.1" 200 2115
[14/Aug/2024 06:04:27] "GET /js/i18n/notification.js HTTP/1.1" 200 9030
[14/Aug/2024 06:04:27] "GET /api/user/roles/ HTTP/1.1" 200 527
[14/Aug/2024 06:04:27] "GET /api/part/category/tree/ HTTP/1.1" 200 21555
[14/Aug/2024 06:04:28] "GET /api/notifications/?read=false HTTP/1.1" 200 2
[14/Aug/2024 06:04:28] "GET /api/part/?search=&offset=0&limit=25&category=null&category_detail=true HTTP/1.1" 200 42215
[14/Aug/2024 06:04:29] "GET /static/img/blank_image.thumbnail.png HTTP/1.1" 304 0
[14/Aug/2024 06:04:30] "GET /part/10336/ HTTP/1.1" 200 73901
[14/Aug/2024 06:04:30] "GET /static/bootstrap/css/bootstrap.min.css HTTP/1.1" 304 0
[14/Aug/2024 06:04:30] "GET /static/bootstrap-table/extensions/filter-control/bootstrap-table-filter-control.css HTTP/1.1" 304 0
[14/Aug/2024 06:04:30] "GET /static/bootstrap-table/bootstrap-table.min.css HTTP/1.1" 304 0
[14/Aug/2024 06:04:30] "GET /static/treegrid/css/jquery.treegrid.css HTTP/1.1" 304 0
[14/Aug/2024 06:04:30] "GET /static/bootstrap-table/extensions/group-by-v2/bootstrap-table-group-by.min.css HTTP/1.1" 304 0
[14/Aug/2024 06:04:30] "GET /static/fontawesome/css/brands.min.css HTTP/1.1" 304 0
[14/Aug/2024 06:04:30] "GET /static/fontawesome/css/solid.min.css HTTP/1.1" 304 0
[14/Aug/2024 06:04:30] "GET /static/select2/css/select2.min.css HTTP/1.1" 304 0
[14/Aug/2024 06:04:30] "GET /static/select2/css/select2-bootstrap-5-theme.css HTTP/1.1" 304 0
[14/Aug/2024 06:04:30] "GET /static/fullcalendar/main.min.css HTTP/1.1" 304 0
[14/Aug/2024 06:04:30] "GET /static/script/jquery-ui/jquery-ui.min.css HTTP/1.1" 304 0
[14/Aug/2024 06:04:31] "GET /static/easymde/easymde.min.css HTTP/1.1" 304 0
[14/Aug/2024 06:04:31] "GET /static/css/inventree.css HTTP/1.1" 304 0
[14/Aug/2024 06:04:31] "GET /static/css/color-themes/default.css HTTP/1.1" 304 0
[14/Aug/2024 06:04:31] "GET /static/script/jquery_3.3.1_jquery.min.js HTTP/1.1" 304 0
[14/Aug/2024 06:04:31] "GET /static/script/jquery.form.min.js HTTP/1.1" 304 0
[14/Aug/2024 06:04:31] "GET /static/img/blank_image.png HTTP/1.1" 304 0
[14/Aug/2024 06:04:31] "GET /static/script/jquery-ui/jquery-ui.min.js HTTP/1.1" 304 0
[14/Aug/2024 06:04:31] "GET /static/bootstrap/js/bootstrap.bundle.min.js HTTP/1.1" 304 0
[14/Aug/2024 06:04:31] "GET /static/script/bootstrap/bootstrap-treeview.js HTTP/1.1" 304 0
[14/Aug/2024 06:04:31] "GET /static/img/inventree.png HTTP/1.1" 304 0
[14/Aug/2024 06:04:31] "GET /static/treegrid/js/jquery.treegrid.js HTTP/1.1" 304 0
[14/Aug/2024 06:04:31] "GET /static/fontawesome/webfonts/fa-solid-900.woff2 HTTP/1.1" 304 0
[14/Aug/2024 06:04:31] "GET /static/treegrid/js/jquery.treegrid.bootstrap3.js HTTP/1.1" 304 0
[14/Aug/2024 06:04:31] "GET /static/bootstrap-table/extensions/filter-control/bootstrap-table-filter-control.min.js HTTP/1.1" 304 0
[14/Aug/2024 06:04:31] "GET /static/bootstrap-table/extensions/group-by-v2/bootstrap-table-group-by.min.js HTTP/1.1" 304 0
[14/Aug/2024 06:04:31] "GET /static/bootstrap-table/extensions/treegrid/bootstrap-table-treegrid.min.js HTTP/1.1" 304 0
[14/Aug/2024 06:04:31] "GET /static/bootstrap-table/extensions/custom-view/bootstrap-table-custom-view.min.js HTTP/1.1" 304 0
[14/Aug/2024 06:04:31] "GET /static/fontawesome/js/solid.min.js HTTP/1.1" 304 0
[14/Aug/2024 06:04:31] "GET /static/fontawesome/js/regular.min.js HTTP/1.1" 304 0
[14/Aug/2024 06:04:31] "GET /static/fontawesome/js/brands.min.js HTTP/1.1" 304 0
[14/Aug/2024 06:04:31] "GET /static/fontawesome/js/fontawesome.min.js HTTP/1.1" 304 0
[14/Aug/2024 06:04:31] "GET /static/fullcalendar/main.min.js HTTP/1.1" 304 0
[14/Aug/2024 06:04:31] "GET /static/bootstrap-table/bootstrap-table.min.js HTTP/1.1" 304 0
[14/Aug/2024 06:04:31] "GET /static/fullcalendar/locales-all.min.js HTTP/1.1" 304 0
[14/Aug/2024 06:04:32] "GET /static/script/moment.js HTTP/1.1" 304 0
[14/Aug/2024 06:04:32] "GET /static/select2/js/select2.full.min.js HTTP/1.1" 304 0
[14/Aug/2024 06:04:32] "GET /static/script/chart.js HTTP/1.1" 304 0
[14/Aug/2024 06:04:32] "GET /static/script/chartjs-adapter-moment.js HTTP/1.1" 304 0
[14/Aug/2024 06:04:32] "GET /static/script/clipboard.min.js HTTP/1.1" 304 0
[14/Aug/2024 06:04:32] "GET /static/easymde/easymde.min.js HTTP/1.1" 304 0
[14/Aug/2024 06:04:32] "GET /static/script/randomColor.min.js HTTP/1.1" 304 0
[14/Aug/2024 06:04:32] "GET /static/script/html5-qrcode.min.js HTTP/1.1" 304 0
[14/Aug/2024 06:04:32] "GET /static/script/qrcode.min.js HTTP/1.1" 304 0
[14/Aug/2024 06:04:32] "GET /static/script/inventree/inventree.js HTTP/1.1" 304 0
[14/Aug/2024 06:04:32] "GET /static/script/inventree/message.js HTTP/1.1" 304 0
[14/Aug/2024 06:04:32] "GET /js/dynamic/calendar.js HTTP/1.1" 200 1341
[14/Aug/2024 06:04:32] "GET /js/dynamic/permissions.js HTTP/1.1" 200 1202
[14/Aug/2024 06:04:32] "GET /js/dynamic/nav.js HTTP/1.1" 200 8934
[14/Aug/2024 06:04:32] "GET /js/i18n/api.js HTTP/1.1" 200 7474
[14/Aug/2024 06:04:32] "GET /js/dynamic/settings.js HTTP/1.1" 200 11287
[14/Aug/2024 06:04:32] "GET /js/i18n/attachment.js HTTP/1.1" 200 10543
[14/Aug/2024 06:04:32] "GET /js/i18n/barcode.js HTTP/1.1" 200 25285
[14/Aug/2024 06:04:32] "GET /js/i18n/bom.js HTTP/1.1" 200 48299
[14/Aug/2024 06:04:32] "GET /js/i18n/build.js HTTP/1.1" 200 85131
[14/Aug/2024 06:04:32] "GET /js/i18n/company.js HTTP/1.1" 200 49860
[14/Aug/2024 06:04:32] "GET /js/i18n/charts.js HTTP/1.1" 200 1362
[14/Aug/2024 06:04:32] "GET /js/i18n/filters.js HTTP/1.1" 200 19076
[14/Aug/2024 06:04:32] "GET /js/i18n/forms.js HTTP/1.1" 200 88268
[14/Aug/2024 06:04:32] "GET /js/i18n/helpers.js HTTP/1.1" 200 13979
[14/Aug/2024 06:04:32] "GET /js/i18n/index.js HTTP/1.1" 200 3517
[14/Aug/2024 06:04:33] "GET /js/i18n/modals.js HTTP/1.1" 200 35708
[14/Aug/2024 06:04:33] "GET /js/i18n/model_renderers.js HTTP/1.1" 200 13696
[14/Aug/2024 06:04:33] "GET /js/i18n/order.js HTTP/1.1" 200 10032
[14/Aug/2024 06:04:33] "GET /js/i18n/part.js HTTP/1.1" 200 98572
[14/Aug/2024 06:04:33] "GET /js/i18n/purchase_order.js HTTP/1.1" 200 69557
[14/Aug/2024 06:04:33] "GET /js/i18n/return_order.js HTTP/1.1" 200 22378
[14/Aug/2024 06:04:33] "GET /js/i18n/report.js HTTP/1.1" 200 3743
[14/Aug/2024 06:04:33] "GET /js/i18n/sales_order.js HTTP/1.1" 200 68224
[14/Aug/2024 06:04:33] "GET /js/i18n/label.js HTTP/1.1" 200 6122
[14/Aug/2024 06:04:33] "GET /js/i18n/search.js HTTP/1.1" 200 10903
[14/Aug/2024 06:04:33] "GET /js/i18n/status_codes.js HTTP/1.1" 200 10398
[14/Aug/2024 06:04:33] "GET /js/i18n/stock.js HTTP/1.1" 200 96767
[14/Aug/2024 06:04:33] "GET /js/i18n/news.js HTTP/1.1" 200 2115
[14/Aug/2024 06:04:33] "GET /js/i18n/plugin.js HTTP/1.1" 200 8125
[14/Aug/2024 06:04:33] "GET /js/i18n/pricing.js HTTP/1.1" 200 31616
[14/Aug/2024 06:04:33] "GET /js/i18n/tables.js HTTP/1.1" 200 17163
[14/Aug/2024 06:04:33] "GET /js/i18n/table_filters.js HTTP/1.1" 200 22482
[14/Aug/2024 06:04:33] "GET /js/i18n/notification.js HTTP/1.1" 200 9030
[14/Aug/2024 06:04:33] "GET /api/user/roles/ HTTP/1.1" 200 527
[14/Aug/2024 06:04:34] "GET /api/notifications/?read=false HTTP/1.1" 200 2
[14/Aug/2024 06:04:34] "GET /api/company/part/?search=&offset=0&limit=25&part=10336&part_detail=true&supplier_detail=true&manufacturer_detail=true HTTP/1.1" 200 52
[14/Aug/2024 06:04:34] "GET /api/part/category/tree/ HTTP/1.1" 200 21555
[14/Aug/2024 06:04:34] "GET /api/company/part/manufacturer/?search=&offset=0&limit=25&part=10336&part_detail=true&manufacturer_detail=true HTTP/1.1" 200 1079
[14/Aug/2024 06:04:34] "GET /static/img/blank_image.thumbnail.png HTTP/1.1" 304 0
[14/Aug/2024 06:04:35] "GET /api/label/part/?enabled=true&part%5B%5D=10336 HTTP/1.1" 200 382
[14/Aug/2024 06:04:36] "GET /api/plugins/?mixin=labels HTTP/1.1" 200 2029
[14/Aug/2024 06:04:36] "OPTIONS /api/label/part/1/print/?plugin=inventreelabel&part%5B%5D=10336 HTTP/1.1" 200 271
Bad Request: /api/label/part/1/print/
Bad Request: /api/label/part/1/print/
[14/Aug/2024 06:04:37] "POST /api/label/part/1/print/?plugin=inventreelabel&part%5B%5D=10336 HTTP/1.1" 400 501
Python version 3.10.12 - /home/inventree/env/bin/python
Performing system checks...

System check identified no issues (2 silenced).
August 14, 2024 - 04:54:17
Django version 4.2.14, using settings 'InvenTree.settings'
Starting development server at http://0.0.0.0:8000/
Quit the server with CONTROL-C.

Python version 3.10.12 - /home/inventree/env/bin/python
